<?xml version="1.0" encoding="UTF-8"?>
<!-- Generated by org.testng.reporters.JUnitReportReporter -->
<testsuite name="renewalOfReferral_Core.Testcase.FinaliseRespAndSubmitForAuth" tests="2" time="47.329" ignored="0" failures="0" timestamp="23 Dec 2016 12:25:52 GMT" skipped="0" hostname="IBM200-PC07QF34" errors="0">
  <testcase name="RIPC_Login" time="20.772" classname="renewalOfReferral_Core.Testcase.FinaliseRespAndSubmitForAuth"/>
  <testcase name="FlnsAndSbmt" time="26.557" classname="renewalOfReferral_Core.Testcase.FinaliseRespAndSubmitForAuth"/>
</testsuite> <!-- renewalOfReferral_Core.Testcase.FinaliseRespAndSubmitForAuth -->
