<?xml version="1.0" encoding="UTF-8"?>
<!-- Generated by org.testng.reporters.JUnitReportReporter -->
<testsuite name="breakdown_Tier_supplier_Test_Cases.RIPC_Verify_response" tests="1" time="24.340" ignored="0" failures="0" timestamp="03 Jan 2017 12:05:12 GMT" skipped="0" hostname="IBM200-PC07QF34" errors="0">
  <testcase name="RIPC_Login" time="24.340" classname="breakdown_Tier_supplier_Test_Cases.RIPC_Verify_response"/>
</testsuite> <!-- breakdown_Tier_supplier_Test_Cases.RIPC_Verify_response -->
