<?xml version="1.0" encoding="UTF-8"?>
<!-- Generated by org.testng.reporters.JUnitReportReporter -->
<testsuite hostname="ADMINIB-A6NDDC6" name="com.actitime.scripts.LoginLogout" tests="1" failures="0" timestamp="23 Mar 2015 07:27:42 GMT" time="18.363" errors="0">
  <testcase name="testLoginLogout" time="18.363" classname="com.actitime.scripts.LoginLogout"/>
</testsuite> <!-- com.actitime.scripts.LoginLogout -->
