<?xml version="1.0" encoding="UTF-8"?>
<!-- Generated by org.testng.reporters.JUnitReportReporter -->
<testsuite name="hipaaRequest.Testcase.CreateRequest" tests="12" time="125.034" ignored="0" failures="0" timestamp="20 Dec 2016 07:01:33 GMT" skipped="0" hostname="IBM200-PC07QF34" errors="0">
  <testcase name="RIPC_Login" time="15.319" classname="hipaaRequest.Testcase.CreateRequest"/>
  <testcase name="Skill_Request1" time="2.262" classname="hipaaRequest.Testcase.CreateRequest"/>
  <testcase name="Select_Requester1" time="31.107" classname="hipaaRequest.Testcase.CreateRequest"/>
  <testcase name="JRSS_Select" time="11.200" classname="hipaaRequest.Testcase.CreateRequest"/>
  <testcase name="Supp_select" time="9.500" classname="hipaaRequest.Testcase.CreateRequest"/>
  <testcase name="submitconfirmed" time="0.234" classname="hipaaRequest.Testcase.CreateRequest"/>
  <testcase name="Req_detail" time="12.747" classname="hipaaRequest.Testcase.CreateRequest"/>
  <testcase name="Skill_detailsklprc" time="14.306" classname="hipaaRequest.Testcase.CreateRequest"/>
  <testcase name="SkillSummary" time="3.666" classname="hipaaRequest.Testcase.CreateRequest"/>
  <testcase name="open_CSA_Tab" time="3.307" classname="hipaaRequest.Testcase.CreateRequest"/>
  <testcase name="Skill_detailLoc" time="18.610" classname="hipaaRequest.Testcase.CreateRequest"/>
  <testcase name="ReqSummary" time="2.776" classname="hipaaRequest.Testcase.CreateRequest"/>
</testsuite> <!-- hipaaRequest.Testcase.CreateRequest -->
