<?xml version="1.0" encoding="UTF-8"?>
<!-- Generated by org.testng.reporters.JUnitReportReporter -->
<testsuite name="breakdown_Tier_supplier_Test_Cases.Add_Response1" tests="4" time="52.302" ignored="0" failures="0" timestamp="31 Jan 2017 07:39:31 GMT" skipped="0" hostname="IBM200-PC07QF34" errors="0">
  <testcase name="RespSum1" time="17.394" classname="breakdown_Tier_supplier_Test_Cases.Add_Response1"/>
  <testcase name="RespPric1" time="6.537" classname="breakdown_Tier_supplier_Test_Cases.Add_Response1"/>
  <testcase name="Supp_Login1" time="11.414" classname="breakdown_Tier_supplier_Test_Cases.Add_Response1"/>
  <testcase name="AddResp1" time="16.957" classname="breakdown_Tier_supplier_Test_Cases.Add_Response1"/>
</testsuite> <!-- breakdown_Tier_supplier_Test_Cases.Add_Response1 -->
