<?xml version="1.0" encoding="UTF-8"?>
<!-- Generated by org.testng.reporters.JUnitReportReporter -->
<testsuite name="Mail_Validation.CreateRequest" tests="12" time="161.773" ignored="0" failures="0" timestamp="29 Dec 2016 10:43:05 GMT" skipped="0" hostname="IBM200-PC07QF34" errors="0">
  <testcase name="Supp_select" time="14.134" classname="Mail_Validation.CreateRequest"/>
  <testcase name="Skill_detailLoc" time="70.418" classname="Mail_Validation.CreateRequest"/>
  <testcase name="Skill_Request1" time="3.011" classname="Mail_Validation.CreateRequest"/>
  <testcase name="open_CSA_Tab" time="3.900" classname="Mail_Validation.CreateRequest"/>
  <testcase name="Req_detail" time="14.087" classname="Mail_Validation.CreateRequest"/>
  <testcase name="Skill_detailsklprc" time="16.427" classname="Mail_Validation.CreateRequest"/>
  <testcase name="Select_Requester1" time="10.639" classname="Mail_Validation.CreateRequest"/>
  <testcase name="submitconfirmed" time="0.203" classname="Mail_Validation.CreateRequest"/>
  <testcase name="RIPC_Login" time="13.681" classname="Mail_Validation.CreateRequest"/>
  <testcase name="JRSS_Select" time="10.359" classname="Mail_Validation.CreateRequest"/>
  <testcase name="ReqSummary" time="1.545" classname="Mail_Validation.CreateRequest"/>
  <testcase name="SkillSummary" time="3.369" classname="Mail_Validation.CreateRequest"/>
</testsuite> <!-- Mail_Validation.CreateRequest -->
