<?xml version="1.0" encoding="UTF-8"?>
<!-- Generated by org.testng.reporters.JUnitReportReporter -->
<testsuite name="mail_Validation_testcase.RIPCStatus_Hold" tests="1" time="26.286" ignored="0" failures="0" timestamp="17 Mar 2017 06:56:56 GMT" skipped="0" hostname="IBM200-PC07QF34" errors="0">
  <testcase name="RIPC_Login1" time="26.286" classname="mail_Validation_testcase.RIPCStatus_Hold"/>
</testsuite> <!-- mail_Validation_testcase.RIPCStatus_Hold -->
