<?xml version="1.0" encoding="UTF-8"?>
<!-- Generated by org.testng.reporters.JUnitReportReporter -->
<testsuite hostname="IBM674-PC073CYV" name="hipaaRequest.Testcase.PO_Authorization" tests="2" failures="0" timestamp="19 May 2016 06:30:34 GMT" time="70.198" errors="0">
  <testcase name="authorize_PO" time="69.690" classname="hipaaRequest.Testcase.PO_Authorization"/>
  <testcase name="PO_Login" time="0.508" classname="hipaaRequest.Testcase.PO_Authorization"/>
</testsuite> <!-- hipaaRequest.Testcase.PO_Authorization -->
