<?xml version="1.0" encoding="UTF-8"?>
<!-- Generated by org.testng.reporters.JUnitReportReporter -->
<testsuite name="mail_Validation_testcase.Check_request_status_Green" tests="1" time="9.794" ignored="0" failures="0" timestamp="17 Mar 2017 08:59:25 GMT" skipped="0" hostname="IBM200-PC07QF34" errors="0">
  <testcase name="Supp_Login1" time="9.794" classname="mail_Validation_testcase.Check_request_status_Green"/>
</testsuite> <!-- mail_Validation_testcase.Check_request_status_Green -->
