<?xml version="1.0" encoding="UTF-8"?>
<!-- Generated by org.testng.reporters.JUnitReportReporter -->
<testsuite hostname="IBM674-PC073CYV" name="hipaaRequest.Testcase.CRB_Authorization" tests="2" failures="0" timestamp="18 May 2016 11:31:02 GMT" time="63.779" errors="0">
  <testcase name="CRB_Wlcmpage" time="63.325" classname="hipaaRequest.Testcase.CRB_Authorization"/>
  <testcase name="CRB_Login" time="0.454" classname="hipaaRequest.Testcase.CRB_Authorization"/>
</testsuite> <!-- hipaaRequest.Testcase.CRB_Authorization -->
