<?xml version="1.0" encoding="UTF-8"?>
<!-- Generated by org.testng.reporters.JUnitReportReporter -->
<testsuite name="hipaaRequest.Testcase.Add_Response1" tests="4" time="76.548" ignored="0" failures="0" timestamp="03 Jan 2017 07:26:59 GMT" skipped="0" hostname="IBM200-PC07QF34" errors="0">
  <testcase name="AddResp1" time="17.020" classname="hipaaRequest.Testcase.Add_Response1"/>
  <testcase name="RespPric1" time="28.751" classname="hipaaRequest.Testcase.Add_Response1"/>
  <testcase name="RespSum1" time="20.061" classname="hipaaRequest.Testcase.Add_Response1"/>
  <testcase name="Supp_Login1" time="10.716" classname="hipaaRequest.Testcase.Add_Response1"/>
</testsuite> <!-- hipaaRequest.Testcase.Add_Response1 -->
