<?xml version="1.0" encoding="UTF-8"?>
<!-- Generated by org.testng.reporters.JUnitReportReporter -->
<testsuite name="hipaaRequest.Testcase.CRB_Authorization" tests="2" time="93.614" ignored="0" failures="0" timestamp="20 Dec 2016 11:10:13 GMT" skipped="0" hostname="IBM200-PC07QF34" errors="0">
  <testcase name="CRB_Login" time="15.097" classname="hipaaRequest.Testcase.CRB_Authorization"/>
  <testcase name="CRB_Wlcmpage" time="78.517" classname="hipaaRequest.Testcase.CRB_Authorization"/>
</testsuite> <!-- hipaaRequest.Testcase.CRB_Authorization -->
