<?xml version="1.0" encoding="UTF-8"?>
<!-- Generated by org.testng.reporters.JUnitReportReporter -->
<testsuite hostname="IBM674-PC073CYV" name="hipaaRequest.Testcase.CRB_Authorization" tests="2" failures="0" timestamp="9 May 2016 05:23:39 GMT" time="61.083" errors="0">
  <testcase name="CRB_Login" time="0.391" classname="hipaaRequest.Testcase.CRB_Authorization"/>
  <testcase name="CRB_Wlcmpage" time="60.692" classname="hipaaRequest.Testcase.CRB_Authorization"/>
</testsuite> <!-- hipaaRequest.Testcase.CRB_Authorization -->
