<?xml version="1.0" encoding="UTF-8"?>
<!-- Generated by org.testng.reporters.JUnitReportReporter -->
<testsuite name="HoldActivateCancel_testcase.RIPCStatus_Cancel" tests="1" time="41.651" ignored="0" failures="0" timestamp="20 Mar 2017 13:00:58 GMT" skipped="0" hostname="IBM200-PC07QF34" errors="0">
  <testcase name="RIPC_Login1" time="41.651" classname="HoldActivateCancel_testcase.RIPCStatus_Cancel"/>
</testsuite> <!-- HoldActivateCancel_testcase.RIPCStatus_Cancel -->
