<?xml version="1.0" encoding="UTF-8"?>
<!-- Generated by org.testng.reporters.JUnitReportReporter -->
<testsuite hostname="IBM674-PC073CYV" name="hipaaRequest.Testcase.CreateRequest" tests="14" failures="0" timestamp="16 May 2016 07:06:14 GMT" time="69.524" errors="0">
  <testcase name="open_CSA_Tab" time="8.419" classname="hipaaRequest.Testcase.CreateRequest"/>
  <testcase name="Supp_select" time="2.119" classname="hipaaRequest.Testcase.CreateRequest"/>
  <testcase name="submitconfirmed" time="0.097" classname="hipaaRequest.Testcase.CreateRequest"/>
  <testcase name="Req_detail" time="4.820" classname="hipaaRequest.Testcase.CreateRequest"/>
  <testcase name="SkillSummary" time="2.055" classname="hipaaRequest.Testcase.CreateRequest"/>
  <testcase name="CandInfo" time="9.959" classname="hipaaRequest.Testcase.CreateRequest"/>
  <testcase name="ReqSummary" time="3.782" classname="hipaaRequest.Testcase.CreateRequest"/>
  <testcase name="Skill_detailsklprc" time="1.851" classname="hipaaRequest.Testcase.CreateRequest"/>
  <testcase name="JRSS_Select" time="4.751" classname="hipaaRequest.Testcase.CreateRequest"/>
  <testcase name="Skill_detailLoc" time="16.741" classname="hipaaRequest.Testcase.CreateRequest"/>
  <testcase name="RIPC_Login" time="0.458" classname="hipaaRequest.Testcase.CreateRequest"/>
  <testcase name="Select_Requester1" time="9.184" classname="hipaaRequest.Testcase.CreateRequest"/>
  <testcase name="justscreen" time="2.717" classname="hipaaRequest.Testcase.CreateRequest"/>
  <testcase name="Skill_Request1" time="2.571" classname="hipaaRequest.Testcase.CreateRequest"/>
</testsuite> <!-- hipaaRequest.Testcase.CreateRequest -->
