<?xml version="1.0" encoding="UTF-8"?>
<!-- Generated by org.testng.reporters.JUnitReportReporter -->
<testsuite name="HoldActivateCancel_testcase.Check_request_status_Green" tests="1" time="12.656" ignored="0" failures="0" timestamp="20 Mar 2017 12:59:53 GMT" skipped="0" hostname="IBM200-PC07QF34" errors="0">
  <testcase name="Supp_Login1" time="12.656" classname="HoldActivateCancel_testcase.Check_request_status_Green"/>
</testsuite> <!-- HoldActivateCancel_testcase.Check_request_status_Green -->
