<?xml version="1.0" encoding="UTF-8"?>
<!-- Generated by org.testng.reporters.JUnitReportReporter -->
<testsuite hostname="ADMINIB-A6NDDC6" name="com.qsp.DemoA" tests="1" failures="0" timestamp="18 Mar 2015 10:33:29 GMT" time="44.962" errors="0">
  <testcase name="TestA" time="44.962" classname="com.qsp.DemoA"/>
</testsuite> <!-- com.qsp.DemoA -->
