<?xml version="1.0" encoding="UTF-8"?>
<!-- Generated by org.testng.reporters.JUnitReportReporter -->
<testsuite hostname="IBM674-PC073CYV" name="hipaaRequest.Testcase.FinaliseRespAndSubmitForAuth" tests="2" failures="0" timestamp="18 May 2016 08:16:21 GMT" time="49.636" errors="0">
  <testcase name="FlnsAndSbmt" time="21.453" classname="hipaaRequest.Testcase.FinaliseRespAndSubmitForAuth"/>
  <testcase name="RIPC_Login" time="28.183" classname="hipaaRequest.Testcase.FinaliseRespAndSubmitForAuth"/>
</testsuite> <!-- hipaaRequest.Testcase.FinaliseRespAndSubmitForAuth -->
