<?xml version="1.0" encoding="UTF-8"?>
<!-- Generated by org.testng.reporters.JUnitReportReporter -->
<testsuite name="HoldActivateCancel_testcase.RIPCStatus_Hold" tests="1" time="40.598" ignored="0" failures="0" timestamp="20 Mar 2017 11:17:59 GMT" skipped="0" hostname="IBM200-PC07QF34" errors="0">
  <testcase name="RIPC_Login1" time="40.598" classname="HoldActivateCancel_testcase.RIPCStatus_Hold"/>
</testsuite> <!-- HoldActivateCancel_testcase.RIPCStatus_Hold -->
