<?xml version="1.0" encoding="UTF-8"?>
<!-- Generated by org.testng.reporters.JUnitReportReporter -->
<testsuite hostname="ADMINIB-A6NDDC6" name="com.actitime.scripts.CreateCustomerManagement" tests="1" failures="0" timestamp="23 Mar 2015 09:42:40 GMT" time="41.139" errors="0">
  <testcase name="testActitime_CreateBilling" time="41.139" classname="com.actitime.scripts.CreateCustomerManagement"/>
</testsuite> <!-- com.actitime.scripts.CreateCustomerManagement -->
