<?xml version="1.0" encoding="UTF-8"?>
<!-- Generated by org.testng.reporters.JUnitReportReporter -->
<testsuite name="HoldActivateCancel_testcase.RIPCStatus_Activate" tests="1" time="36.276" ignored="0" failures="0" timestamp="20 Mar 2017 12:34:19 GMT" skipped="0" hostname="IBM200-PC07QF34" errors="0">
  <testcase name="RIPC_Login1" time="36.276" classname="HoldActivateCancel_testcase.RIPCStatus_Activate"/>
</testsuite> <!-- HoldActivateCancel_testcase.RIPCStatus_Activate -->
