<?xml version="1.0" encoding="UTF-8"?>
<!-- Generated by org.testng.reporters.JUnitReportReporter -->
<testsuite hostname="ADMINIB-A6NDDC6" name="com.actitime.scripts.CreateNewSolution" tests="1" failures="0" timestamp="23 Mar 2015 10:13:45 GMT" time="17.630" errors="0">
  <testcase name="test_CreateNewSolution" time="17.630" classname="com.actitime.scripts.CreateNewSolution"/>
</testsuite> <!-- com.actitime.scripts.CreateNewSolution -->
