<?xml version="1.0" encoding="UTF-8"?>
<!-- Generated by org.testng.reporters.JUnitReportReporter -->
<testsuite hostname="IBM887-R9TFEGP" name="LeftHandNavigationPanel.testcase.RIPC_LeftHandPanel" tests="9" failures="0" timestamp="10 Mar 2016 13:53:04 GMT" time="49.499" errors="0">
  <testcase name="open_Draft_tab" time="2.933" classname="LeftHandNavigationPanel.testcase.RIPC_LeftHandPanel"/>
  <testcase name="open_RateSuppliers_Tab" time="2.043" classname="LeftHandNavigationPanel.testcase.RIPC_LeftHandPanel"/>
  <testcase name="open_CSA_Tab" time="2.074" classname="LeftHandNavigationPanel.testcase.RIPC_LeftHandPanel"/>
  <testcase name="open_SwitchInstance_Tab" time="0.920" classname="LeftHandNavigationPanel.testcase.RIPC_LeftHandPanel"/>
  <testcase name="open_Search_Tab" time="0.998" classname="LeftHandNavigationPanel.testcase.RIPC_LeftHandPanel"/>
  <testcase name="open_UserProfile_Tab" time="0.796" classname="LeftHandNavigationPanel.testcase.RIPC_LeftHandPanel"/>
  <testcase name="open_ChangeRIPC_Tab" time="2.247" classname="LeftHandNavigationPanel.testcase.RIPC_LeftHandPanel"/>
  <testcase name="RIPC_Login" time="35.553" classname="LeftHandNavigationPanel.testcase.RIPC_LeftHandPanel"/>
  <testcase name="open_Submitted_Req_Tab" time="1.935" classname="LeftHandNavigationPanel.testcase.RIPC_LeftHandPanel"/>
</testsuite> <!-- LeftHandNavigationPanel.testcase.RIPC_LeftHandPanel -->
