<?xml version="1.0" encoding="UTF-8"?>
<!-- Generated by org.testng.reporters.JUnitReportReporter -->
<testsuite name="crbActions_GB_main.PO_Auth_GB" tests="3" time="46.537" ignored="0" failures="0" timestamp="24 Mar 2017 10:25:46 GMT" skipped="0" hostname="IBM344-PC05NU41" errors="0">
  <testcase name="hiring_page" time="11.068" classname="crbActions_GB_main.PO_Auth_GB"/>
  <testcase name="authorize_PO" time="34.906" classname="crbActions_GB_main.PO_Auth_GB"/>
  <testcase name="PO_Login" time="0.563" classname="crbActions_GB_main.PO_Auth_GB"/>
</testsuite> <!-- crbActions_GB_main.PO_Auth_GB -->
