<?xml version="1.0" encoding="UTF-8"?>
<!-- Generated by org.testng.reporters.JUnitReportReporter -->
<testsuite name="nonCoreRequest.Testcase.SB_Authorization" tests="2" time="117.187" ignored="0" failures="0" timestamp="27 Dec 2016 17:05:16 GMT" skipped="0" hostname="IBM344-PC05NU41" errors="0">
  <testcase name="SB_Login" time="46.956" classname="nonCoreRequest.Testcase.SB_Authorization"/>
  <testcase name="SB_auth" time="70.231" classname="nonCoreRequest.Testcase.SB_Authorization"/>
</testsuite> <!-- nonCoreRequest.Testcase.SB_Authorization -->
