<?xml version="1.0" encoding="UTF-8"?>
<!-- Generated by org.testng.reporters.JUnitReportReporter -->
<testsuite name="crbActions_GB_main.FinalizeResponse_GB" tests="1" time="65.981" ignored="0" failures="0" timestamp="21 Mar 2017 08:38:59 GMT" skipped="0" hostname="IBM344-PC05NU41" errors="0">
  <testcase name="Finalize" time="65.981" classname="crbActions_GB_main.FinalizeResponse_GB"/>
</testsuite> <!-- crbActions_GB_main.FinalizeResponse_GB -->
