<?xml version="1.0" encoding="UTF-8"?>
<!-- Generated by org.testng.reporters.JUnitReportReporter -->
<testsuite name="crbActions_IN_main.PO_Authorization_IN" tests="2" time="40.010" ignored="0" failures="0" timestamp="22 Mar 2017 11:55:49 GMT" skipped="0" hostname="IBM344-PC05NU41" errors="0">
  <testcase name="PO_Login" time="8.945" classname="crbActions_IN_main.PO_Authorization_IN"/>
  <testcase name="authorize_PO" time="31.065" classname="crbActions_IN_main.PO_Authorization_IN"/>
</testsuite> <!-- crbActions_IN_main.PO_Authorization_IN -->
