<?xml version="1.0" encoding="UTF-8"?>
<!-- Generated by org.testng.reporters.JUnitReportReporter -->
<testsuite name="crbActions_US_main.RIPC_StatusCheck" tests="1" time="26.283" ignored="0" failures="0" timestamp="24 Mar 2017 06:02:13 GMT" skipped="0" hostname="IBM344-PC05NU41" errors="0">
  <testcase name="RIPC_Login" time="26.283" classname="crbActions_US_main.RIPC_StatusCheck"/>
</testsuite> <!-- crbActions_US_main.RIPC_StatusCheck -->
