<?xml version="1.0" encoding="UTF-8"?>
<!-- Generated by org.testng.reporters.JUnitReportReporter -->
<testsuite hostname="IBM200-PC07QF34" name="sBActions_US_main.CRB_Actions" tests="2" failures="0" timestamp="28 Mar 2017 10:08:46 GMT" time="34.773" errors="0">
  <testcase name="CRB_login" time="8.065" classname="sBActions_US_main.CRB_Actions"/>
  <testcase name="crb_Auth" time="26.708" classname="sBActions_US_main.CRB_Actions"/>
</testsuite> <!-- sBActions_US_main.CRB_Actions -->
