<?xml version="1.0" encoding="UTF-8"?>
<!-- Generated by org.testng.reporters.JUnitReportReporter -->
<testsuite hostname="IBM200-PC07QF34" name="sBActions_IN_main.ENC_Auth_IN" tests="1" failures="0" timestamp="29 Mar 2017 07:34:42 GMT" time="93.211" errors="0">
  <testcase name="ENC_Authorization" time="93.211" classname="sBActions_IN_main.ENC_Auth_IN"/>
</testsuite> <!-- sBActions_IN_main.ENC_Auth_IN -->
