<?xml version="1.0" encoding="UTF-8"?>
<!-- Generated by org.testng.reporters.JUnitReportReporter -->
<testsuite hostname="IBM200-PC07QF34" name="sBActions_US_main.RIPC_StatusCheck" tests="1" failures="0" timestamp="28 Mar 2017 09:59:05 GMT" time="19.299" errors="0">
  <testcase name="RIPC_Login" time="19.299" classname="sBActions_US_main.RIPC_StatusCheck"/>
</testsuite> <!-- sBActions_US_main.RIPC_StatusCheck -->
