<?xml version="1.0" encoding="UTF-8"?>
<!-- Generated by org.testng.reporters.JUnitReportReporter -->
<testsuite name="crbActions_US_main.PO_Authorization" tests="3" time="63.632" ignored="0" failures="0" timestamp="24 Mar 2017 06:21:10 GMT" skipped="0" hostname="IBM344-PC05NU41" errors="0">
  <testcase name="authorize_PO" time="45.374" classname="crbActions_US_main.PO_Authorization"/>
  <testcase name="PO_Login" time="0.831" classname="crbActions_US_main.PO_Authorization"/>
  <testcase name="hiring_page" time="17.427" classname="crbActions_US_main.PO_Authorization"/>
</testsuite> <!-- crbActions_US_main.PO_Authorization -->
