<?xml version="1.0" encoding="UTF-8"?>
<!-- Generated by org.testng.reporters.JUnitReportReporter -->
<testsuite hostname="IBM200-PC07QF34" name="crbActions_IN_main.CreateRequest_IN" tests="24" failures="0" timestamp="29 Mar 2017 05:24:10 GMT" time="326.048" errors="0">
  <testcase name="addSkill3" time="12.043" classname="crbActions_IN_main.CreateRequest_IN"/>
  <testcase name="Supplier_sel" time="31.918" classname="crbActions_IN_main.CreateRequest_IN"/>
  <testcase name="Alert2" time="0.013" classname="crbActions_IN_main.CreateRequest_IN"/>
  <testcase name="Select_req" time="14.862" classname="crbActions_IN_main.CreateRequest_IN"/>
  <testcase name="Locpage2" time="25.291" classname="crbActions_IN_main.CreateRequest_IN"/>
  <testcase name="Select_JRSS" time="15.431" classname="crbActions_IN_main.CreateRequest_IN"/>
  <testcase name="skillPrice2" time="13.220" classname="crbActions_IN_main.CreateRequest_IN"/>
  <testcase name="JRSS2" time="11.351" classname="crbActions_IN_main.CreateRequest_IN"/>
  <testcase name="Req_data" time="4.796" classname="crbActions_IN_main.CreateRequest_IN"/>
  <testcase name="Req_data2" time="4.625" classname="crbActions_IN_main.CreateRequest_IN"/>
  <testcase name="NonCore_login" time="14.687" classname="crbActions_IN_main.CreateRequest_IN"/>
  <testcase name="alert" time="0.030" classname="crbActions_IN_main.CreateRequest_IN"/>
  <testcase name="Request_detail" time="1.114" classname="crbActions_IN_main.CreateRequest_IN"/>
  <testcase name="JRSS3" time="19.488" classname="crbActions_IN_main.CreateRequest_IN"/>
  <testcase name="addSkill" time="10.317" classname="crbActions_IN_main.CreateRequest_IN"/>
  <testcase name="submit" time="7.464" classname="crbActions_IN_main.CreateRequest_IN"/>
  <testcase name="skillPrice3" time="13.091" classname="crbActions_IN_main.CreateRequest_IN"/>
  <testcase name="Locpage3" time="17.264" classname="crbActions_IN_main.CreateRequest_IN"/>
  <testcase name="Supplier_sel3" time="30.560" classname="crbActions_IN_main.CreateRequest_IN"/>
  <testcase name="Request_Location" time="29.018" classname="crbActions_IN_main.CreateRequest_IN"/>
  <testcase name="Alert3" time="0.017" classname="crbActions_IN_main.CreateRequest_IN"/>
  <testcase name="Supplier_sel2" time="30.688" classname="crbActions_IN_main.CreateRequest_IN"/>
  <testcase name="Skillprice" time="13.996" classname="crbActions_IN_main.CreateRequest_IN"/>
  <testcase name="Req_data3" time="4.764" classname="crbActions_IN_main.CreateRequest_IN"/>
</testsuite> <!-- crbActions_IN_main.CreateRequest_IN -->
