<?xml version="1.0" encoding="UTF-8"?>
<!-- Generated by org.testng.reporters.JUnitReportReporter -->
<testsuite hostname="IBM200-PC07QF34" name="sBActions_IN_main.SB_Auth_IN" tests="1" failures="0" timestamp="29 Mar 2017 08:49:15 GMT" time="46.533" errors="0">
  <testcase name="Login" time="46.533" classname="sBActions_IN_main.SB_Auth_IN"/>
</testsuite> <!-- sBActions_IN_main.SB_Auth_IN -->
