<?xml version="1.0" encoding="UTF-8"?>
<!-- Generated by org.testng.reporters.JUnitReportReporter -->
<testsuite hostname="IBM674-PC073CYV" name="hipaaRequest.Testcase.CRB_Authorization" tests="2" failures="0" timestamp="22 Sep 2016 08:28:47 GMT" time="50.980" errors="0">
  <testcase name="CRB_Login" time="11.015" classname="hipaaRequest.Testcase.CRB_Authorization"/>
  <testcase name="CRB_Wlcmpage" time="39.965" classname="hipaaRequest.Testcase.CRB_Authorization"/>
</testsuite> <!-- hipaaRequest.Testcase.CRB_Authorization -->
