<?xml version="1.0" encoding="UTF-8"?>
<!-- Generated by org.testng.reporters.JUnitReportReporter -->
<testsuite name="crbActions_IN_main.RIPC_StatusCheck_IN" tests="1" time="25.750" ignored="0" failures="0" timestamp="27 Mar 2017 08:41:33 GMT" skipped="0" hostname="IBM344-PC05NU41" errors="0">
  <testcase name="RIPC_Login" time="25.750" classname="crbActions_IN_main.RIPC_StatusCheck_IN"/>
</testsuite> <!-- crbActions_IN_main.RIPC_StatusCheck_IN -->
