<?xml version="1.0" encoding="UTF-8"?>
<!-- Generated by org.testng.reporters.JUnitReportReporter -->
<testsuite name="crbActions_US_main.CRB_Actions" tests="2" time="48.771" ignored="0" failures="0" timestamp="23 Mar 2017 16:33:23 GMT" skipped="0" hostname="IBM344-PC05NU41" errors="0">
  <testcase name="crb_reject" time="48.112" classname="crbActions_US_main.CRB_Actions"/>
  <testcase name="CRB_login" time="0.659" classname="crbActions_US_main.CRB_Actions"/>
</testsuite> <!-- crbActions_US_main.CRB_Actions -->
