<?xml version="1.0" encoding="UTF-8"?>
<!-- Generated by org.testng.reporters.JUnitReportReporter -->
<testsuite hostname="IBM200-PC07QF34" name="crbActions_US_main.CreateRequest" tests="24" failures="0" timestamp="27 Mar 2017 13:17:20 GMT" time="192.188" errors="0">
  <testcase name="Request_detail" time="8.790" classname="crbActions_US_main.CreateRequest"/>
  <testcase name="JRSS2" time="5.421" classname="crbActions_US_main.CreateRequest"/>
  <testcase name="Req_data" time="0.192" classname="crbActions_US_main.CreateRequest"/>
  <testcase name="Supplier_sel3" time="16.943" classname="crbActions_US_main.CreateRequest"/>
  <testcase name="Request_Location" time="15.339" classname="crbActions_US_main.CreateRequest"/>
  <testcase name="Select_JRSS" time="4.728" classname="crbActions_US_main.CreateRequest"/>
  <testcase name="NonCore_login" time="13.400" classname="crbActions_US_main.CreateRequest"/>
  <testcase name="skillPrice2" time="12.508" classname="crbActions_US_main.CreateRequest"/>
  <testcase name="Locpage2" time="18.226" classname="crbActions_US_main.CreateRequest"/>
  <testcase name="addSkill" time="7.857" classname="crbActions_US_main.CreateRequest"/>
  <testcase name="alert" time="2.139" classname="crbActions_US_main.CreateRequest"/>
  <testcase name="JRSS3" time="5.178" classname="crbActions_US_main.CreateRequest"/>
  <testcase name="Skillprice" time="11.790" classname="crbActions_US_main.CreateRequest"/>
  <testcase name="skillPrice3" time="11.485" classname="crbActions_US_main.CreateRequest"/>
  <testcase name="Select_req" time="9.892" classname="crbActions_US_main.CreateRequest"/>
  <testcase name="Req_data2" time="0.203" classname="crbActions_US_main.CreateRequest"/>
  <testcase name="submit" time="3.199" classname="crbActions_US_main.CreateRequest"/>
  <testcase name="Alert3" time="2.259" classname="crbActions_US_main.CreateRequest"/>
  <testcase name="Supplier_sel" time="8.065" classname="crbActions_US_main.CreateRequest"/>
  <testcase name="Supplier_sel2" time="6.949" classname="crbActions_US_main.CreateRequest"/>
  <testcase name="Locpage3" time="17.507" classname="crbActions_US_main.CreateRequest"/>
  <testcase name="addSkill1" time="7.765" classname="crbActions_US_main.CreateRequest"/>
  <testcase name="Req_data3" time="0.214" classname="crbActions_US_main.CreateRequest"/>
  <testcase name="Alert2" time="2.139" classname="crbActions_US_main.CreateRequest"/>
</testsuite> <!-- crbActions_US_main.CreateRequest -->
