<?xml version="1.0" encoding="UTF-8"?>
<!-- Generated by org.testng.reporters.JUnitReportReporter -->
<testsuite hostname="IBM200-PC07QF34" name="crbActions_GB_main.CRB_Auth_GB" tests="1" failures="0" timestamp="28 Mar 2017 13:09:57 GMT" time="56.566" errors="0">
  <testcase name="CRB_login" time="56.566" classname="crbActions_GB_main.CRB_Auth_GB"/>
</testsuite> <!-- crbActions_GB_main.CRB_Auth_GB -->
