<?xml version="1.0" encoding="UTF-8"?>
<!-- Generated by org.testng.reporters.JUnitReportReporter -->
<testsuite hostname="IBM200-PC07QF34" name="sBActions_GB_main.PO_Auth_GB" tests="3" failures="0" timestamp="28 Mar 2017 13:23:20 GMT" time="53.789" errors="0">
  <testcase name="hiring_page" time="12.761" classname="sBActions_GB_main.PO_Auth_GB"/>
  <testcase name="PO_Login" time="9.376" classname="sBActions_GB_main.PO_Auth_GB"/>
  <testcase name="authorize_PO" time="31.652" classname="sBActions_GB_main.PO_Auth_GB"/>
</testsuite> <!-- sBActions_GB_main.PO_Auth_GB -->
