<?xml version="1.0" encoding="UTF-8"?>
<!-- Generated by org.testng.reporters.JUnitReportReporter -->
<testsuite name="crbActions_GB_main.CRB_Actions_GB" tests="2" time="40.352" ignored="0" failures="0" timestamp="24 Mar 2017 10:00:08 GMT" skipped="0" hostname="IBM344-PC05NU41" errors="0">
  <testcase name="crb_reject" time="39.841" classname="crbActions_GB_main.CRB_Actions_GB"/>
  <testcase name="CRB_login" time="0.511" classname="crbActions_GB_main.CRB_Actions_GB"/>
</testsuite> <!-- crbActions_GB_main.CRB_Actions_GB -->
