<?xml version="1.0" encoding="UTF-8"?>
<!-- Generated by org.testng.reporters.JUnitReportReporter -->
<testsuite hostname="IBM200-PC07QF34" name="sBActions_US_main.PO_Authorization" tests="3" failures="0" timestamp="28 Mar 2017 10:46:03 GMT" time="50.050" errors="0">
  <testcase name="hiring_page" time="11.972" classname="sBActions_US_main.PO_Authorization"/>
  <testcase name="PO_Login" time="7.912" classname="sBActions_US_main.PO_Authorization"/>
  <testcase name="authorize_PO" time="30.166" classname="sBActions_US_main.PO_Authorization"/>
</testsuite> <!-- sBActions_US_main.PO_Authorization -->
