<?xml version="1.0" encoding="UTF-8"?>
<!-- Generated by org.testng.reporters.JUnitReportReporter -->
<testsuite name="crbActions_IN_main.AddResponse_IN" tests="1" time="110.781" ignored="0" failures="0" timestamp="21 Mar 2017 18:15:38 GMT" skipped="0" hostname="IBM344-PC05NU41" errors="0">
  <testcase name="add_response" time="110.781" classname="crbActions_IN_main.AddResponse_IN"/>
</testsuite> <!-- crbActions_IN_main.AddResponse_IN -->
