<?xml version="1.0" encoding="UTF-8"?>
<!-- Generated by org.testng.reporters.JUnitReportReporter -->
<testsuite hostname="IBM674-PC073CYV" name="hipaaRequest.Testcase.Add_Response1" tests="4" failures="0" timestamp="21 Sep 2016 09:03:33 GMT" time="64.285" errors="0">
  <testcase name="RespPric1" time="6.919" classname="hipaaRequest.Testcase.Add_Response1"/>
  <testcase name="Supp_Login1" time="11.387" classname="hipaaRequest.Testcase.Add_Response1"/>
  <testcase name="AddResp1" time="16.707" classname="hipaaRequest.Testcase.Add_Response1"/>
  <testcase name="RespSum1" time="29.272" classname="hipaaRequest.Testcase.Add_Response1"/>
</testsuite> <!-- hipaaRequest.Testcase.Add_Response1 -->
