<?xml version="1.0" encoding="UTF-8"?>
<!-- Generated by org.testng.reporters.JUnitReportReporter -->
<testsuite name="crbActions_IN_main.CRB_Actions_IN" tests="2" time="56.205" ignored="0" failures="0" timestamp="27 Mar 2017 07:30:46 GMT" skipped="0" hostname="IBM344-PC05NU41" errors="0">
  <testcase name="CRB_login" time="6.866" classname="crbActions_IN_main.CRB_Actions_IN"/>
  <testcase name="crb_reject" time="49.339" classname="crbActions_IN_main.CRB_Actions_IN"/>
</testsuite> <!-- crbActions_IN_main.CRB_Actions_IN -->
