<?xml version="1.0" encoding="UTF-8"?>
<!-- Generated by org.testng.reporters.JUnitReportReporter -->
<testsuite hostname="IBM200-PC07QF34" name="sBActions_IN_main.SB_Rej_IN" tests="1" failures="0" timestamp="29 Mar 2017 08:51:20 GMT" time="36.124" errors="0">
  <testcase name="SBRej" time="36.124" classname="sBActions_IN_main.SB_Rej_IN"/>
</testsuite> <!-- sBActions_IN_main.SB_Rej_IN -->
