<?xml version="1.0" encoding="UTF-8"?>
<!-- Generated by org.testng.reporters.JUnitReportReporter -->
<testsuite hostname="IBM200-PC07QF34" name="sBActions_US_main.SB_Return" tests="1" failures="0" timestamp="28 Mar 2017 09:48:48 GMT" time="41.372" errors="0">
  <testcase name="sb_return" time="41.372" classname="sBActions_US_main.SB_Return"/>
</testsuite> <!-- sBActions_US_main.SB_Return -->
