<?xml version="1.0" encoding="UTF-8"?>
<!-- Generated by org.testng.reporters.JUnitReportReporter -->
<testsuite name="breakdown_Tier_supplier.RIPC_Check_response_status" tests="1" time="27.090" ignored="0" failures="0" timestamp="02 Jan 2017 12:48:05 GMT" skipped="0" hostname="IBM200-PC07QF34" errors="0">
  <testcase name="RIPC_Login" time="27.090" classname="breakdown_Tier_supplier.RIPC_Check_response_status"/>
</testsuite> <!-- breakdown_Tier_supplier.RIPC_Check_response_status -->
