<?xml version="1.0" encoding="UTF-8"?>
<!-- Generated by org.testng.reporters.JUnitReportReporter -->
<testsuite name="breakdown_Tier_supplier_Test_Cases.RIPC_Verify_response" tests="1" time="37.970" ignored="0" failures="0" timestamp="04 Jan 2017 11:25:46 GMT" skipped="0" hostname="IBM200-PC07QF34" errors="0">
  <testcase name="RIPC_Login" time="37.970" classname="breakdown_Tier_supplier_Test_Cases.RIPC_Verify_response"/>
</testsuite> <!-- breakdown_Tier_supplier_Test_Cases.RIPC_Verify_response -->
