<?xml version="1.0" encoding="UTF-8"?>
<!-- Generated by org.testng.reporters.JUnitReportReporter -->
<testsuite name="breakdown_Tier_supplier_Test_Cases.Add_Response1" tests="4" time="55.544" ignored="0" failures="0" timestamp="31 Jan 2017 10:04:30 GMT" skipped="0" hostname="IBM200-PC07QF34" errors="0">
  <testcase name="RespPric1" time="6.630" classname="breakdown_Tier_supplier_Test_Cases.Add_Response1"/>
  <testcase name="Supp_Login1" time="13.829" classname="breakdown_Tier_supplier_Test_Cases.Add_Response1"/>
  <testcase name="AddResp1" time="16.911" classname="breakdown_Tier_supplier_Test_Cases.Add_Response1"/>
  <testcase name="RespSum1" time="18.174" classname="breakdown_Tier_supplier_Test_Cases.Add_Response1"/>
</testsuite> <!-- breakdown_Tier_supplier_Test_Cases.Add_Response1 -->
