<?xml version="1.0" encoding="UTF-8"?>
<!-- Generated by org.testng.reporters.JUnitReportReporter -->
<testsuite hostname="ADMINIB-A6NDDC6" name="com.actitime.pom.testtjk" tests="1" failures="0" timestamp="19 Mar 2015 05:07:15 GMT" time="59.148" errors="0">
  <testcase name="testUntitled" time="59.148" classname="com.actitime.pom.testtjk"/>
</testsuite> <!-- com.actitime.pom.testtjk -->
