<?xml version="1.0" encoding="UTF-8"?>
<!-- Generated by org.testng.reporters.JUnitReportReporter -->
<testsuite hostname="ADMINIB-A6NDDC6" name="com.actitime.scripts.o2o_LoginLogout" tests="1" failures="0" timestamp="20 Mar 2015 06:52:03 GMT" time="20.172" errors="0">
  <testcase name="testo2o_LoginLogout" time="20.172" classname="com.actitime.scripts.o2o_LoginLogout"/>
</testsuite> <!-- com.actitime.scripts.o2o_LoginLogout -->
