<?xml version="1.0" encoding="UTF-8"?>
<!-- Generated by org.testng.reporters.JUnitReportReporter -->
<testsuite hostname="IBM200-PC07QF34" name="LiteRequest_CA_NA_TestCase.CreateRequest" tests="12" failures="0" timestamp="24 Mar 2017 12:26:56 GMT" time="90.186" errors="0">
  <testcase name="Select_Requester1" time="8.580" classname="LiteRequest_CA_NA_TestCase.CreateRequest"/>
  <testcase name="Skill_Request1" time="2.574" classname="LiteRequest_CA_NA_TestCase.CreateRequest"/>
  <testcase name="open_CSA_Tab" time="4.119" classname="LiteRequest_CA_NA_TestCase.CreateRequest"/>
  <testcase name="SkillSummary" time="3.401" classname="LiteRequest_CA_NA_TestCase.CreateRequest"/>
  <testcase name="Req_detail" time="9.875" classname="LiteRequest_CA_NA_TestCase.CreateRequest"/>
  <testcase name="ReqSummary" time="2.496" classname="LiteRequest_CA_NA_TestCase.CreateRequest"/>
  <testcase name="RIPC_Login" time="10.327" classname="LiteRequest_CA_NA_TestCase.CreateRequest"/>
  <testcase name="JRSS_Select" time="5.257" classname="LiteRequest_CA_NA_TestCase.CreateRequest"/>
  <testcase name="submitconfirmed" time="3.495" classname="LiteRequest_CA_NA_TestCase.CreateRequest"/>
  <testcase name="Skill_detailLoc" time="12.449" classname="LiteRequest_CA_NA_TestCase.CreateRequest"/>
  <testcase name="Skill_detailsklprc" time="18.969" classname="LiteRequest_CA_NA_TestCase.CreateRequest"/>
  <testcase name="Supp_select" time="8.644" classname="LiteRequest_CA_NA_TestCase.CreateRequest"/>
</testsuite> <!-- LiteRequest_CA_NA_TestCase.CreateRequest -->
