<?xml version="1.0" encoding="UTF-8"?>
<!-- Generated by org.testng.reporters.JUnitReportReporter -->
<testsuite hostname="IBM200-PC07QF34" name="LiteRequest_CA_NA_TestCase.SB_Authorization" tests="1" failures="0" timestamp="22 Mar 2017 07:59:42 GMT" time="52.696" errors="0">
  <testcase name="SB_auth" time="52.696" classname="LiteRequest_CA_NA_TestCase.SB_Authorization"/>
</testsuite> <!-- LiteRequest_CA_NA_TestCase.SB_Authorization -->
