<?xml version="1.0" encoding="UTF-8"?>
<!-- Generated by org.testng.reporters.JUnitReportReporter -->
<testsuite name="nonCoreRequest.Testcase.CreateRequest" tests="12" time="96.207" ignored="0" failures="0" timestamp="22 Dec 2016 06:19:50 GMT" skipped="0" hostname="IBM200-PC07QF34" errors="0">
  <testcase name="open_CSA_Tab" time="2.122" classname="nonCoreRequest.Testcase.CreateRequest"/>
  <testcase name="Skill_Request1" time="1.810" classname="nonCoreRequest.Testcase.CreateRequest"/>
  <testcase name="Skill_detailLoc" time="24.103" classname="nonCoreRequest.Testcase.CreateRequest"/>
  <testcase name="ReqSummary" time="4.134" classname="nonCoreRequest.Testcase.CreateRequest"/>
  <testcase name="Select_Requester1" time="12.917" classname="nonCoreRequest.Testcase.CreateRequest"/>
  <testcase name="SkillSummary" time="3.120" classname="nonCoreRequest.Testcase.CreateRequest"/>
  <testcase name="Skill_detailsklprc" time="13.244" classname="nonCoreRequest.Testcase.CreateRequest"/>
  <testcase name="RIPC_Login" time="10.046" classname="nonCoreRequest.Testcase.CreateRequest"/>
  <testcase name="submitconfirmed" time="0.219" classname="nonCoreRequest.Testcase.CreateRequest"/>
  <testcase name="JRSS_Select" time="7.113" classname="nonCoreRequest.Testcase.CreateRequest"/>
  <testcase name="Req_detail" time="9.922" classname="nonCoreRequest.Testcase.CreateRequest"/>
  <testcase name="Supp_select" time="7.457" classname="nonCoreRequest.Testcase.CreateRequest"/>
</testsuite> <!-- nonCoreRequest.Testcase.CreateRequest -->
