<?xml version="1.0" encoding="UTF-8"?>
<!-- Generated by org.testng.reporters.JUnitReportReporter -->
<testsuite name="renewalOfReferral_Core.Testcase.Add_Response1" tests="4" time="58.337" ignored="0" failures="0" timestamp="23 Dec 2016 10:30:18 GMT" skipped="0" hostname="IBM200-PC07QF34" errors="0">
  <testcase name="AddResp1" time="17.620" classname="renewalOfReferral_Core.Testcase.Add_Response1"/>
  <testcase name="RespPric1" time="6.295" classname="renewalOfReferral_Core.Testcase.Add_Response1"/>
  <testcase name="Supp_Login1" time="8.721" classname="renewalOfReferral_Core.Testcase.Add_Response1"/>
  <testcase name="RespSum1" time="25.701" classname="renewalOfReferral_Core.Testcase.Add_Response1"/>
</testsuite> <!-- renewalOfReferral_Core.Testcase.Add_Response1 -->
