<?xml version="1.0" encoding="UTF-8"?>
<!-- Generated by org.testng.reporters.JUnitReportReporter -->
<testsuite name="nonCoreRequest.Testcase.CRB_Authorization" tests="2" time="42.619" ignored="0" failures="0" timestamp="22 Dec 2016 11:02:22 GMT" skipped="0" hostname="IBM200-PC07QF34" errors="0">
  <testcase name="CRB_Login" time="7.441" classname="nonCoreRequest.Testcase.CRB_Authorization"/>
  <testcase name="CRB_Wlcmpage" time="35.178" classname="nonCoreRequest.Testcase.CRB_Authorization"/>
</testsuite> <!-- nonCoreRequest.Testcase.CRB_Authorization -->
