<?xml version="1.0" encoding="UTF-8"?>
<!-- Generated by org.testng.reporters.JUnitReportReporter -->
<testsuite name="breakdown_Tier_supplier.Add_Response1" tests="4" time="54.881" ignored="0" failures="0" timestamp="02 Jan 2017 12:00:25 GMT" skipped="0" hostname="IBM200-PC07QF34" errors="0">
  <testcase name="RespPric1" time="6.427" classname="breakdown_Tier_supplier.Add_Response1"/>
  <testcase name="RespSum1" time="17.863" classname="breakdown_Tier_supplier.Add_Response1"/>
  <testcase name="Supp_Login1" time="13.150" classname="breakdown_Tier_supplier.Add_Response1"/>
  <testcase name="AddResp1" time="17.441" classname="breakdown_Tier_supplier.Add_Response1"/>
</testsuite> <!-- breakdown_Tier_supplier.Add_Response1 -->
