<?xml version="1.0" encoding="UTF-8"?>
<!-- Generated by org.testng.reporters.JUnitReportReporter -->
<testsuite name="hipaaRequest.Testcase.PO_Authorization" tests="2" time="65.259" ignored="0" failures="0" timestamp="20 Dec 2016 11:24:30 GMT" skipped="0" hostname="IBM200-PC07QF34" errors="0">
  <testcase name="authorize_PO" time="44.195" classname="hipaaRequest.Testcase.PO_Authorization"/>
  <testcase name="PO_Login" time="21.064" classname="hipaaRequest.Testcase.PO_Authorization"/>
</testsuite> <!-- hipaaRequest.Testcase.PO_Authorization -->
