<?xml version="1.0" encoding="UTF-8"?>
<!-- Generated by org.testng.reporters.JUnitReportReporter -->
<testsuite name="nonCoreRequest.Testcase.PO_Authorization" tests="2" time="25.802" ignored="0" failures="0" timestamp="22 Dec 2016 12:11:11 GMT" skipped="0" hostname="IBM200-PC07QF34" errors="0">
  <testcase name="PO_Login" time="7.878" classname="nonCoreRequest.Testcase.PO_Authorization"/>
  <testcase name="authorize_PO" time="17.924" classname="nonCoreRequest.Testcase.PO_Authorization"/>
</testsuite> <!-- nonCoreRequest.Testcase.PO_Authorization -->
