<?xml version="1.0" encoding="UTF-8"?>
<!-- Generated by org.testng.reporters.JUnitReportReporter -->
<testsuite name="mail_Validation_testcase.CreateRequest" tests="12" time="80.274" ignored="0" failures="0" timestamp="16 Mar 2017 13:56:36 GMT" skipped="0" hostname="IBM200-PC07QF34" errors="0">
  <testcase name="Supp_select" time="6.398" classname="mail_Validation_testcase.CreateRequest"/>
  <testcase name="SkillSummary" time="3.005" classname="mail_Validation_testcase.CreateRequest"/>
  <testcase name="open_CSA_Tab" time="1.699" classname="mail_Validation_testcase.CreateRequest"/>
  <testcase name="Skill_Request1" time="1.614" classname="mail_Validation_testcase.CreateRequest"/>
  <testcase name="Req_detail" time="8.027" classname="mail_Validation_testcase.CreateRequest"/>
  <testcase name="Skill_detailsklprc" time="13.134" classname="mail_Validation_testcase.CreateRequest"/>
  <testcase name="Select_Requester1" time="10.026" classname="mail_Validation_testcase.CreateRequest"/>
  <testcase name="RIPC_Login" time="8.108" classname="mail_Validation_testcase.CreateRequest"/>
  <testcase name="Skill_detailLoc" time="19.117" classname="mail_Validation_testcase.CreateRequest"/>
  <testcase name="JRSS_Select" time="7.086" classname="mail_Validation_testcase.CreateRequest"/>
  <testcase name="submitconfirmed" time="0.226" classname="mail_Validation_testcase.CreateRequest"/>
  <testcase name="ReqSummary" time="1.834" classname="mail_Validation_testcase.CreateRequest"/>
</testsuite> <!-- mail_Validation_testcase.CreateRequest -->
