<?xml version="1.0" encoding="UTF-8"?>
<!-- Generated by org.testng.reporters.JUnitReportReporter -->
<testsuite name="Mail_Validation.RIPCStatus_Cancel" tests="1" time="93.335" ignored="0" failures="0" timestamp="29 Dec 2016 16:59:35 GMT" skipped="0" hostname="IBM200-PC07QF34" errors="0">
  <testcase name="RIPC_Login1" time="93.335" classname="Mail_Validation.RIPCStatus_Cancel"/>
</testsuite> <!-- Mail_Validation.RIPCStatus_Cancel -->
