<?xml version="1.0" encoding="UTF-8"?>
<!-- Generated by org.testng.reporters.JUnitReportReporter -->
<testsuite name="mail_Validation_testcase.RIPCStatus_Cancel" tests="1" time="35.490" ignored="0" failures="0" timestamp="17 Mar 2017 09:03:27 GMT" skipped="0" hostname="IBM200-PC07QF34" errors="0">
  <testcase name="RIPC_Login1" time="35.490" classname="mail_Validation_testcase.RIPCStatus_Cancel"/>
</testsuite> <!-- mail_Validation_testcase.RIPCStatus_Cancel -->
