<?xml version="1.0" encoding="UTF-8"?>
<!-- Generated by org.testng.reporters.JUnitReportReporter -->
<testsuite hostname="ADMINIB-A6NDDC6" name="com.actitime.scripts.Actitime_DeleteBilling" tests="1" failures="0" timestamp="20 Mar 2015 09:31:46 GMT" time="21.576" errors="0">
  <testcase name="testActitime_DeleteBilling" time="21.576" classname="com.actitime.scripts.Actitime_DeleteBilling"/>
</testsuite> <!-- com.actitime.scripts.Actitime_DeleteBilling -->
