<?xml version="1.0" encoding="UTF-8"?>
<!-- Generated by org.testng.reporters.JUnitReportReporter -->
<testsuite name="renewalOfReferral_Core.Testcase.RenewalOfrequest" tests="3" time="33.665" ignored="0" failures="0" timestamp="27 Dec 2016 11:51:18 GMT" skipped="0" hostname="IBM200-PC07QF34" errors="0">
  <testcase name="Request_detail" time="6.724" classname="renewalOfReferral_Core.Testcase.RenewalOfrequest"/>
  <testcase name="RIPC_Login_Renewal" time="22.948" classname="renewalOfReferral_Core.Testcase.RenewalOfrequest"/>
  <testcase name="Organization" time="3.993" classname="renewalOfReferral_Core.Testcase.RenewalOfrequest"/>
</testsuite> <!-- renewalOfReferral_Core.Testcase.RenewalOfrequest -->
