<?xml version="1.0" encoding="UTF-8"?>
<!-- Generated by org.testng.reporters.JUnitReportReporter -->
<testsuite name="hipaaRequest.Testcase.Add_Response1" tests="4" time="58.127" ignored="0" failures="0" timestamp="20 Dec 2016 10:24:27 GMT" skipped="0" hostname="IBM200-PC07QF34" errors="0">
  <testcase name="AddResp1" time="16.364" classname="hipaaRequest.Testcase.Add_Response1"/>
  <testcase name="RespPric1" time="6.349" classname="hipaaRequest.Testcase.Add_Response1"/>
  <testcase name="RespSum1" time="19.064" classname="hipaaRequest.Testcase.Add_Response1"/>
  <testcase name="Supp_Login1" time="16.350" classname="hipaaRequest.Testcase.Add_Response1"/>
</testsuite> <!-- hipaaRequest.Testcase.Add_Response1 -->
