<?xml version="1.0" encoding="UTF-8"?>
<!-- Generated by org.testng.reporters.JUnitReportReporter -->
<testsuite name="nonCoreRequest.Testcase.CreateRequest" tests="13" time="93.949" ignored="0" failures="0" timestamp="23 Dec 2016 08:25:13 GMT" skipped="0" hostname="IBM200-PC07QF34" errors="0">
  <testcase name="Skill_detailLoc" time="14.197" classname="nonCoreRequest.Testcase.CreateRequest"/>
  <testcase name="Cand_detail" time="5.584" classname="nonCoreRequest.Testcase.CreateRequest"/>
  <testcase name="SkillSummary" time="3.695" classname="nonCoreRequest.Testcase.CreateRequest"/>
  <testcase name="Req_detail" time="7.591" classname="nonCoreRequest.Testcase.CreateRequest"/>
  <testcase name="submitconfirmed" time="0.215" classname="nonCoreRequest.Testcase.CreateRequest"/>
  <testcase name="open_CSA_Tab" time="2.512" classname="nonCoreRequest.Testcase.CreateRequest"/>
  <testcase name="Select_Requester1" time="10.577" classname="nonCoreRequest.Testcase.CreateRequest"/>
  <testcase name="JRSS_Select" time="7.294" classname="nonCoreRequest.Testcase.CreateRequest"/>
  <testcase name="RIPC_Login" time="9.948" classname="nonCoreRequest.Testcase.CreateRequest"/>
  <testcase name="Skill_detailsklprc" time="15.867" classname="nonCoreRequest.Testcase.CreateRequest"/>
  <testcase name="Supp_select" time="12.834" classname="nonCoreRequest.Testcase.CreateRequest"/>
  <testcase name="Skill_Request1" time="1.850" classname="nonCoreRequest.Testcase.CreateRequest"/>
  <testcase name="ReqSummary" time="1.785" classname="nonCoreRequest.Testcase.CreateRequest"/>
</testsuite> <!-- nonCoreRequest.Testcase.CreateRequest -->
