<?xml version="1.0" encoding="UTF-8"?>
<!-- Generated by org.testng.reporters.JUnitReportReporter -->
<testsuite name="renewalOfReferral_Core.Testcase.PO_Authorization" tests="2" time="101.338" ignored="0" failures="0" timestamp="27 Dec 2016 07:22:40 GMT" skipped="0" hostname="IBM200-PC07QF34" errors="0">
  <testcase name="PO_Login" time="61.090" classname="renewalOfReferral_Core.Testcase.PO_Authorization"/>
  <testcase name="authorize_PO" time="40.248" classname="renewalOfReferral_Core.Testcase.PO_Authorization"/>
</testsuite> <!-- renewalOfReferral_Core.Testcase.PO_Authorization -->
