<?xml version="1.0" encoding="UTF-8"?>
<!-- Generated by org.testng.reporters.JUnitReportReporter -->
<testsuite hostname="ADMINIB-8DBPPIE" name="testCase.test1" tests="1" failures="0" timestamp="17 Mar 2015 14:09:41 GMT" time="17.887" errors="0">
  <testcase name="Testcase1" time="17.887" classname="testCase.test1"/>
</testsuite> <!-- testCase.test1 -->
