<?xml version="1.0" encoding="UTF-8"?>
<!-- Generated by org.testng.reporters.JUnitReportReporter -->
<testsuite hostname="IBM674-PC073CYV" name="hipaaRequest.Testcase.FinaliseRespAndSubmitForAuth" tests="2" failures="0" timestamp="22 Sep 2016 07:51:08 GMT" time="67.219" errors="0">
  <testcase name="RIPC_Login" time="35.316" classname="hipaaRequest.Testcase.FinaliseRespAndSubmitForAuth"/>
  <testcase name="FlnsAndSbmt" time="31.903" classname="hipaaRequest.Testcase.FinaliseRespAndSubmitForAuth"/>
</testsuite> <!-- hipaaRequest.Testcase.FinaliseRespAndSubmitForAuth -->
