<?xml version="1.0" encoding="UTF-8"?>
<!-- Generated by org.testng.reporters.JUnitReportReporter -->
<testsuite name="nonCoreRequest.Testcase.PO_Authorization" tests="2" time="50.041" ignored="0" failures="0" timestamp="28 Dec 2016 09:21:34 GMT" skipped="0" hostname="IBM200-PC07QF34" errors="0">
  <testcase name="authorize_PO" time="39.343" classname="nonCoreRequest.Testcase.PO_Authorization"/>
  <testcase name="PO_Login" time="10.698" classname="nonCoreRequest.Testcase.PO_Authorization"/>
</testsuite> <!-- nonCoreRequest.Testcase.PO_Authorization -->
