<?xml version="1.0" encoding="UTF-8"?>
<!-- Generated by org.testng.reporters.JUnitReportReporter -->
<testsuite hostname="IBM674-PC073CYV" name="hipaaRequest.Testcase.CreateRequest" tests="14" failures="0" timestamp="30 Mar 2016 10:26:09 GMT" time="64.642" errors="0">
  <testcase name="open_CSA_Tab" time="10.081" classname="hipaaRequest.Testcase.CreateRequest"/>
  <testcase name="Skill_Request1" time="2.093" classname="hipaaRequest.Testcase.CreateRequest"/>
  <testcase name="HiringApproval" time="5.389" classname="hipaaRequest.Testcase.CreateRequest"/>
  <testcase name="Skill_detailsklprc" time="3.042" classname="hipaaRequest.Testcase.CreateRequest"/>
  <testcase name="Req_detail" time="5.577" classname="hipaaRequest.Testcase.CreateRequest"/>
  <testcase name="submitconfirmed" time="0.090" classname="hipaaRequest.Testcase.CreateRequest"/>
  <testcase name="Supp_select" time="2.260" classname="hipaaRequest.Testcase.CreateRequest"/>
  <testcase name="Select_Requester1" time="6.088" classname="hipaaRequest.Testcase.CreateRequest"/>
  <testcase name="JRSS_Select" time="4.122" classname="hipaaRequest.Testcase.CreateRequest"/>
  <testcase name="RIPC_Login" time="0.419" classname="hipaaRequest.Testcase.CreateRequest"/>
  <testcase name="ReqSummary" time="2.875" classname="hipaaRequest.Testcase.CreateRequest"/>
  <testcase name="Skill_detailLoc" time="16.487" classname="hipaaRequest.Testcase.CreateRequest"/>
  <testcase name="SkillSummary" time="1.682" classname="hipaaRequest.Testcase.CreateRequest"/>
  <testcase name="ConfirmSub" time="4.437" classname="hipaaRequest.Testcase.CreateRequest"/>
</testsuite> <!-- hipaaRequest.Testcase.CreateRequest -->
