<?xml version="1.0" encoding="UTF-8"?>
<!-- Generated by org.testng.reporters.JUnitReportReporter -->
<testsuite name="nonCoreRequest.Testcase.SB_Authorization" tests="2" time="64.213" ignored="0" failures="0" timestamp="28 Dec 2016 07:23:17 GMT" skipped="0" hostname="IBM200-PC07QF34" errors="0">
  <testcase name="SB_Login" time="11.646" classname="nonCoreRequest.Testcase.SB_Authorization"/>
  <testcase name="SB_auth" time="52.567" classname="nonCoreRequest.Testcase.SB_Authorization"/>
</testsuite> <!-- nonCoreRequest.Testcase.SB_Authorization -->
