<?xml version="1.0" encoding="UTF-8"?>
<!-- Generated by org.testng.reporters.JUnitReportReporter -->
<testsuite name="nonCoreRequest.Testcase.RenewalOfrequest" tests="3" time="40.466" ignored="0" failures="0" timestamp="28 Dec 2016 09:51:21 GMT" skipped="0" hostname="IBM200-PC07QF34" errors="0">
  <testcase name="Organization" time="3.167" classname="nonCoreRequest.Testcase.RenewalOfrequest"/>
  <testcase name="RIPC_Login_Renewal" time="30.997" classname="nonCoreRequest.Testcase.RenewalOfrequest"/>
  <testcase name="Request_detail" time="6.302" classname="nonCoreRequest.Testcase.RenewalOfrequest"/>
</testsuite> <!-- nonCoreRequest.Testcase.RenewalOfrequest -->
