<?xml version="1.0" encoding="UTF-8"?>
<!-- Generated by org.testng.reporters.JUnitReportReporter -->
<testsuite name="nonCoreRequest.Testcase.CreateRequest" tests="13" time="89.919" ignored="0" failures="0" timestamp="28 Dec 2016 06:43:37 GMT" skipped="0" hostname="IBM200-PC07QF34" errors="0">
  <testcase name="Skill_detailLoc" time="18.112" classname="nonCoreRequest.Testcase.CreateRequest"/>
  <testcase name="Skill_detailsklprc" time="10.250" classname="nonCoreRequest.Testcase.CreateRequest"/>
  <testcase name="cand_detail" time="2.745" classname="nonCoreRequest.Testcase.CreateRequest"/>
  <testcase name="SkillSummary" time="4.508" classname="nonCoreRequest.Testcase.CreateRequest"/>
  <testcase name="submitconfirmed" time="0.234" classname="nonCoreRequest.Testcase.CreateRequest"/>
  <testcase name="open_CSA_Tab" time="3.339" classname="nonCoreRequest.Testcase.CreateRequest"/>
  <testcase name="Select_Requester1" time="11.388" classname="nonCoreRequest.Testcase.CreateRequest"/>
  <testcase name="JRSS_Select" time="7.129" classname="nonCoreRequest.Testcase.CreateRequest"/>
  <testcase name="RIPC_Login" time="13.790" classname="nonCoreRequest.Testcase.CreateRequest"/>
  <testcase name="Req_detail" time="7.909" classname="nonCoreRequest.Testcase.CreateRequest"/>
  <testcase name="Supp_select" time="5.570" classname="nonCoreRequest.Testcase.CreateRequest"/>
  <testcase name="Skill_Request1" time="2.277" classname="nonCoreRequest.Testcase.CreateRequest"/>
  <testcase name="ReqSummary" time="2.668" classname="nonCoreRequest.Testcase.CreateRequest"/>
</testsuite> <!-- nonCoreRequest.Testcase.CreateRequest -->
