<?xml version="1.0" encoding="UTF-8"?>
<!-- Generated by org.testng.reporters.JUnitReportReporter -->
<testsuite name="hipaaRequest.Testcase.SB_PreAuthorization" tests="2" time="51.106" ignored="0" failures="0" timestamp="20 Dec 2016 09:25:20 GMT" skipped="0" hostname="IBM200-PC07QF34" errors="0">
  <testcase name="SB_Login" time="14.945" classname="hipaaRequest.Testcase.SB_PreAuthorization"/>
  <testcase name="SB_auth" time="36.161" classname="hipaaRequest.Testcase.SB_PreAuthorization"/>
</testsuite> <!-- hipaaRequest.Testcase.SB_PreAuthorization -->
