<?xml version="1.0" encoding="UTF-8"?>
<!-- Generated by org.testng.reporters.JUnitReportReporter -->
<testsuite hostname="IBM200-PC07QF34" name="LiteRequest_AU_AP_TestCase.CreateRequest" tests="12" failures="0" timestamp="23 Mar 2017 11:08:24 GMT" time="83.331" errors="0">
  <testcase name="open_CSA_Tab" time="2.798" classname="LiteRequest_AU_AP_TestCase.CreateRequest"/>
  <testcase name="Skill_detailsklprc" time="9.585" classname="LiteRequest_AU_AP_TestCase.CreateRequest"/>
  <testcase name="Skill_Request1" time="3.205" classname="LiteRequest_AU_AP_TestCase.CreateRequest"/>
  <testcase name="RIPC_Login" time="7.696" classname="LiteRequest_AU_AP_TestCase.CreateRequest"/>
  <testcase name="Supp_select" time="10.309" classname="LiteRequest_AU_AP_TestCase.CreateRequest"/>
  <testcase name="Req_detail" time="8.525" classname="LiteRequest_AU_AP_TestCase.CreateRequest"/>
  <testcase name="Select_Requester1" time="8.211" classname="LiteRequest_AU_AP_TestCase.CreateRequest"/>
  <testcase name="Skill_detailLoc" time="12.473" classname="LiteRequest_AU_AP_TestCase.CreateRequest"/>
  <testcase name="JRSS_Select" time="4.535" classname="LiteRequest_AU_AP_TestCase.CreateRequest"/>
  <testcase name="SkillSummary" time="5.292" classname="LiteRequest_AU_AP_TestCase.CreateRequest"/>
  <testcase name="submitconfirmed" time="5.956" classname="LiteRequest_AU_AP_TestCase.CreateRequest"/>
  <testcase name="ReqSummary" time="4.746" classname="LiteRequest_AU_AP_TestCase.CreateRequest"/>
</testsuite> <!-- LiteRequest_AU_AP_TestCase.CreateRequest -->
