<?xml version="1.0" encoding="UTF-8"?>
<!-- Generated by org.testng.reporters.JUnitReportReporter -->
<testsuite hostname="IBM200-PC07QF34" name="LiteRequest_AU_AP_TestCase.SubmitReqToBondByRequester" tests="1" failures="0" timestamp="24 Mar 2017 06:07:45 GMT" time="175.319" errors="0">
  <testcase name="loginAndBond" time="175.319" classname="LiteRequest_AU_AP_TestCase.SubmitReqToBondByRequester"/>
</testsuite> <!-- LiteRequest_AU_AP_TestCase.SubmitReqToBondByRequester -->
