<?xml version="1.0" encoding="UTF-8"?>
<!-- Generated by org.testng.reporters.JUnitReportReporter -->
<testsuite name="nonCoreRequest.Testcase.SB_Authorization" tests="2" time="24.726" ignored="0" failures="0" timestamp="22 Dec 2016 09:31:30 GMT" skipped="0" hostname="IBM200-PC07QF34" errors="0">
  <testcase name="SB_Login" time="7.207" classname="nonCoreRequest.Testcase.SB_Authorization"/>
  <testcase name="SB_auth" time="17.519" classname="nonCoreRequest.Testcase.SB_Authorization"/>
</testsuite> <!-- nonCoreRequest.Testcase.SB_Authorization -->
