<?xml version="1.0" encoding="UTF-8"?>
<!-- Generated by org.testng.reporters.JUnitReportReporter -->
<testsuite name="Mail_Validation.RIPCStatusCheck" tests="1" time="38.237" ignored="0" failures="0" timestamp="29 Dec 2016 11:30:02 GMT" skipped="0" hostname="IBM200-PC07QF34" errors="0">
  <testcase name="RIPC_Login1" time="38.237" classname="Mail_Validation.RIPCStatusCheck"/>
</testsuite> <!-- Mail_Validation.RIPCStatusCheck -->
