<?xml version="1.0" encoding="UTF-8"?>
<!-- Generated by org.testng.reporters.JUnitReportReporter -->
<testsuite name="Mail_Validation.Add_Response1" tests="1" time="24.945" ignored="0" failures="0" timestamp="29 Dec 2016 11:01:33 GMT" skipped="0" hostname="IBM200-PC07QF34" errors="0">
  <testcase name="Supp_Login1" time="24.945" classname="Mail_Validation.Add_Response1"/>
</testsuite> <!-- Mail_Validation.Add_Response1 -->
