<?xml version="1.0" encoding="UTF-8"?>
<!-- Generated by org.testng.reporters.JUnitReportReporter -->
<testsuite name="nonCoreRequest.Testcase.RenewalOfNonCoreReferralRequest2" tests="9" time="74.523" ignored="0" failures="0" timestamp="29 Dec 2016 09:58:06 GMT" skipped="0" hostname="IBM344-PC05NU41" errors="0">
  <testcase name="SkillSummary" time="2.664" classname="nonCoreRequest.Testcase.RenewalOfNonCoreReferralRequest2"/>
  <testcase name="submitconfirmed" time="0.380" classname="nonCoreRequest.Testcase.RenewalOfNonCoreReferralRequest2"/>
  <testcase name="open_CSA_Tab" time="1.691" classname="nonCoreRequest.Testcase.RenewalOfNonCoreReferralRequest2"/>
  <testcase name="Skill_Request1" time="9.240" classname="nonCoreRequest.Testcase.RenewalOfNonCoreReferralRequest2"/>
  <testcase name="Skill_detailLoc" time="18.210" classname="nonCoreRequest.Testcase.RenewalOfNonCoreReferralRequest2"/>
  <testcase name="ReqSummary" time="2.356" classname="nonCoreRequest.Testcase.RenewalOfNonCoreReferralRequest2"/>
  <testcase name="Select_Requester1" time="10.491" classname="nonCoreRequest.Testcase.RenewalOfNonCoreReferralRequest2"/>
  <testcase name="RIPC_Login" time="7.296" classname="nonCoreRequest.Testcase.RenewalOfNonCoreReferralRequest2"/>
  <testcase name="Skill_detailsklprc" time="22.195" classname="nonCoreRequest.Testcase.RenewalOfNonCoreReferralRequest2"/>
</testsuite> <!-- nonCoreRequest.Testcase.RenewalOfNonCoreReferralRequest2 -->
