<?xml version="1.0" encoding="UTF-8"?>
<!-- Generated by org.testng.reporters.JUnitReportReporter -->
<testsuite name="nonCoreRequest.Testcase.CreateRequest" tests="1" time="185.025" ignored="0" failures="0" timestamp="20 Mar 2017 08:27:17 GMT" skipped="0" hostname="IBM344-PC05NU41" errors="0">
  <testcase name="RIPC_Login" time="185.025" classname="nonCoreRequest.Testcase.CreateRequest"/>
</testsuite> <!-- nonCoreRequest.Testcase.CreateRequest -->
