<?xml version="1.0" encoding="UTF-8"?>
<!-- Generated by org.testng.reporters.JUnitReportReporter -->
<testsuite hostname="IBM200-PC07QF34" name="sBActions_GB_main.AddResponse_GB" tests="1" failures="0" timestamp="31 Mar 2017 07:00:27 GMT" time="109.309" errors="0">
  <testcase name="add_response" time="109.309" classname="sBActions_GB_main.AddResponse_GB"/>
</testsuite> <!-- sBActions_GB_main.AddResponse_GB -->
