<?xml version="1.0" encoding="UTF-8"?>
<!-- Generated by org.testng.reporters.JUnitReportReporter -->
<testsuite hostname="IBM200-PC07QF34" name="sBActions_GB_main.FinalizeResponse_GB" tests="2" failures="0" timestamp="31 Mar 2017 09:21:26 GMT" time="52.730" errors="0">
  <testcase name="Login" time="15.014" classname="sBActions_GB_main.FinalizeResponse_GB"/>
  <testcase name="Finalize" time="37.716" classname="sBActions_GB_main.FinalizeResponse_GB"/>
</testsuite> <!-- sBActions_GB_main.FinalizeResponse_GB -->
