<?xml version="1.0" encoding="UTF-8"?>
<!-- Generated by org.testng.reporters.JUnitReportReporter -->
<testsuite name="crbActions_IN_main.CRB_Actions_IN" tests="1" time="33.693" ignored="0" failures="0" timestamp="22 Mar 2017 09:07:06 GMT" skipped="0" hostname="IBM344-PC05NU41" errors="0">
  <testcase name="CRB_Wlcmpage" time="33.693" classname="crbActions_IN_main.CRB_Actions_IN"/>
</testsuite> <!-- crbActions_IN_main.CRB_Actions_IN -->
