<?xml version="1.0" encoding="UTF-8"?>
<!-- Generated by org.testng.reporters.JUnitReportReporter -->
<testsuite hostname="IBM200-PC07QF34" name="sBActions_IN_main.RIPC_StatusCheck_IN" tests="1" failures="0" timestamp="31 Mar 2017 14:03:31 GMT" time="19.501" errors="0">
  <testcase name="RIPC_Login" time="19.501" classname="sBActions_IN_main.RIPC_StatusCheck_IN"/>
</testsuite> <!-- sBActions_IN_main.RIPC_StatusCheck_IN -->
