<?xml version="1.0" encoding="UTF-8"?>
<!-- Generated by org.testng.reporters.JUnitReportReporter -->
<testsuite hostname="IBM200-PC07QF34" name="sBActions_IN_main.PO_Authorization_IN" tests="2" failures="0" timestamp="3 Apr 2017 05:38:51 GMT" time="50.888" errors="0">
  <testcase name="authorize_PO" time="39.700" classname="sBActions_IN_main.PO_Authorization_IN"/>
  <testcase name="PO_Login" time="11.188" classname="sBActions_IN_main.PO_Authorization_IN"/>
</testsuite> <!-- sBActions_IN_main.PO_Authorization_IN -->
