<?xml version="1.0" encoding="UTF-8"?>
<!-- Generated by org.testng.reporters.JUnitReportReporter -->
<testsuite hostname="IBM200-PC07QF34" name="sBActions_US_main.PO_Authorization" tests="2" failures="0" timestamp="30 Mar 2017 12:32:27 GMT" time="37.769" errors="0">
  <testcase name="authorize_PO" time="29.563" classname="sBActions_US_main.PO_Authorization"/>
  <testcase name="PO_Login" time="8.206" classname="sBActions_US_main.PO_Authorization"/>
</testsuite> <!-- sBActions_US_main.PO_Authorization -->
