<?xml version="1.0" encoding="UTF-8"?>
<!-- Generated by org.testng.reporters.JUnitReportReporter -->
<testsuite hostname="IBM200-PC07QF34" name="sBActions_IN_main.SB_AllActions_IN" tests="1" failures="0" timestamp="31 Mar 2017 13:21:27 GMT" time="42.739" errors="0">
  <testcase name="SB_auth" time="42.739" classname="sBActions_IN_main.SB_AllActions_IN"/>
</testsuite> <!-- sBActions_IN_main.SB_AllActions_IN -->
