<?xml version="1.0" encoding="UTF-8"?>
<!-- Generated by org.testng.reporters.JUnitReportReporter -->
<testsuite name="crbActions_US_main.PO_Authorization" tests="2" time="71.238" ignored="0" failures="0" timestamp="20 Mar 2017 17:59:34 GMT" skipped="0" hostname="IBM344-PC05NU41" errors="0">
  <testcase name="PO_Login" time="0.455" classname="crbActions_US_main.PO_Authorization"/>
  <testcase name="authorize_PO" time="70.783" classname="crbActions_US_main.PO_Authorization"/>
</testsuite> <!-- crbActions_US_main.PO_Authorization -->
