<?xml version="1.0" encoding="UTF-8"?>
<!-- Generated by org.testng.reporters.JUnitReportReporter -->
<testsuite hostname="IBM200-PC07QF34" name="sBActions_IN_main.FinalizeResponse_IN" tests="1" failures="0" timestamp="31 Mar 2017 12:28:46 GMT" time="95.568" errors="0">
  <testcase name="Finalize" time="95.568" classname="sBActions_IN_main.FinalizeResponse_IN"/>
</testsuite> <!-- sBActions_IN_main.FinalizeResponse_IN -->
