<?xml version="1.0" encoding="UTF-8"?>
<!-- Generated by org.testng.reporters.JUnitReportReporter -->
<testsuite hostname="IBM200-PC07QF34" name="sBActions_GB_main.CRB_Auth_GB" tests="2" failures="0" timestamp="31 Mar 2017 13:47:45 GMT" time="29.804" errors="0">
  <testcase name="CRB_Wlcmpage" time="7.724" classname="sBActions_GB_main.CRB_Auth_GB"/>
  <testcase name="CRB_auth" time="22.080" classname="sBActions_GB_main.CRB_Auth_GB"/>
</testsuite> <!-- sBActions_GB_main.CRB_Auth_GB -->
