<?xml version="1.0" encoding="UTF-8"?>
<!-- Generated by org.testng.reporters.JUnitReportReporter -->
<testsuite name="crbActions_IN_main.FinalizeResponse_IN" tests="1" time="256.440" ignored="0" failures="0" timestamp="22 Mar 2017 05:44:02 GMT" skipped="0" hostname="IBM344-PC05NU41" errors="0">
  <testcase name="Finalize" time="256.440" classname="crbActions_IN_main.FinalizeResponse_IN"/>
</testsuite> <!-- crbActions_IN_main.FinalizeResponse_IN -->
