<?xml version="1.0" encoding="UTF-8"?>
<!-- Generated by org.testng.reporters.JUnitReportReporter -->
<testsuite name="nonCoreRequest.Testcase.PO_Authorization" tests="3" time="39.653" ignored="0" failures="0" timestamp="28 Dec 2016 07:21:48 GMT" skipped="0" hostname="IBM344-PC05NU41" errors="0">
  <testcase name="PO_Login" time="7.712" classname="nonCoreRequest.Testcase.PO_Authorization"/>
  <testcase name="authorize_PO" time="17.930" classname="nonCoreRequest.Testcase.PO_Authorization"/>
  <testcase name="PO_ReviewSkill" time="14.011" classname="nonCoreRequest.Testcase.PO_Authorization"/>
</testsuite> <!-- nonCoreRequest.Testcase.PO_Authorization -->
