<?xml version="1.0" encoding="UTF-8"?>
<!-- Generated by org.testng.reporters.JUnitReportReporter -->
<testsuite hostname="IBM200-PC07QF34" name="sBActions_IN_main.BA_Auth_IN_Core" tests="1" failures="0" timestamp="31 Mar 2017 12:45:03 GMT" time="93.336" errors="0">
  <testcase name="BA_Authorization_IN" time="93.336" classname="sBActions_IN_main.BA_Auth_IN_Core"/>
</testsuite> <!-- sBActions_IN_main.BA_Auth_IN_Core -->
