<?xml version="1.0" encoding="UTF-8"?>
<!-- Generated by org.testng.reporters.JUnitReportReporter -->
<testsuite hostname="IBM200-PC07QF34" name="sBActions_US_main.CRB_Auth" tests="2" failures="0" timestamp="30 Mar 2017 12:14:36 GMT" time="31.138" errors="0">
  <testcase name="CRB_login" time="7.785" classname="sBActions_US_main.CRB_Auth"/>
  <testcase name="CRB_auth" time="23.353" classname="sBActions_US_main.CRB_Auth"/>
</testsuite> <!-- sBActions_US_main.CRB_Auth -->
