<?xml version="1.0" encoding="UTF-8"?>
<!-- Generated by org.testng.reporters.JUnitReportReporter -->
<testsuite hostname="IBM200-PC07QF34" name="sBActions_IN_main.CRB_AuthIN" tests="2" failures="0" timestamp="31 Mar 2017 14:51:25 GMT" time="45.511" errors="0">
  <testcase name="CRB_auth" time="39.418" classname="sBActions_IN_main.CRB_AuthIN"/>
  <testcase name="CRB_Wlcmpage" time="6.093" classname="sBActions_IN_main.CRB_AuthIN"/>
</testsuite> <!-- sBActions_IN_main.CRB_AuthIN -->
