<?xml version="1.0" encoding="UTF-8"?>
<!-- Generated by org.testng.reporters.JUnitReportReporter -->
<testsuite hostname="IBM200-PC07QF34" name="sBActions_GB_main.PO_AuthorizationGB" tests="2" failures="0" timestamp="3 Apr 2017 05:34:02 GMT" time="49.118" errors="0">
  <testcase name="authorize_PO" time="39.533" classname="sBActions_GB_main.PO_AuthorizationGB"/>
  <testcase name="PO_Login" time="9.585" classname="sBActions_GB_main.PO_AuthorizationGB"/>
</testsuite> <!-- sBActions_GB_main.PO_AuthorizationGB -->
