<?xml version="1.0" encoding="UTF-8"?>
<!-- Generated by org.testng.reporters.JUnitReportReporter -->
<testsuite hostname="IBM200-PC07QF34" name="sBActions_US_main.AddResponse" tests="1" failures="0" timestamp="29 Mar 2017 12:39:00 GMT" time="88.140" errors="0">
  <testcase name="add_response" time="88.140" classname="sBActions_US_main.AddResponse"/>
</testsuite> <!-- sBActions_US_main.AddResponse -->
