<?xml version="1.0" encoding="UTF-8"?>
<!-- Generated by org.testng.reporters.JUnitReportReporter -->
<testsuite hostname="IBM200-PC07QF34" name="sBActions_US_main.FinalizeResponse" tests="2" failures="0" timestamp="30 Mar 2017 05:45:04 GMT" time="45.274" errors="0">
  <testcase name="login" time="16.101" classname="sBActions_US_main.FinalizeResponse"/>
  <testcase name="Finalize" time="29.173" classname="sBActions_US_main.FinalizeResponse"/>
</testsuite> <!-- sBActions_US_main.FinalizeResponse -->
