<?xml version="1.0" encoding="UTF-8"?>
<!-- Generated by org.testng.reporters.JUnitReportReporter -->
<testsuite hostname="IBM200-PC07QF34" name="sBActions_US_main.CreateRequest" tests="11" failures="0" timestamp="4 Apr 2017 08:55:31 GMT" time="130.643" errors="0">
  <testcase name="Create_Req" time="2.521" classname="sBActions_US_main.CreateRequest"/>
  <testcase name="req_data" time="0.960" classname="sBActions_US_main.CreateRequest"/>
  <testcase name="skill_Req" time="2.961" classname="sBActions_US_main.CreateRequest"/>
  <testcase name="req_detail" time="13.100" classname="sBActions_US_main.CreateRequest"/>
  <testcase name="skill_price" time="17.363" classname="sBActions_US_main.CreateRequest"/>
  <testcase name="skill_loc" time="20.621" classname="sBActions_US_main.CreateRequest"/>
  <testcase name="select_Req" time="19.677" classname="sBActions_US_main.CreateRequest"/>
  <testcase name="supp" time="26.289" classname="sBActions_US_main.CreateRequest"/>
  <testcase name="select_jrss" time="11.901" classname="sBActions_US_main.CreateRequest"/>
  <testcase name="alert_check" time="2.179" classname="sBActions_US_main.CreateRequest"/>
  <testcase name="RIPC_Login" time="13.071" classname="sBActions_US_main.CreateRequest"/>
</testsuite> <!-- sBActions_US_main.CreateRequest -->
