<?xml version="1.0" encoding="UTF-8"?>
<!-- Generated by org.testng.reporters.JUnitReportReporter -->
<testsuite name="crbActions_US_main.RIPC_StatusCheck" tests="1" time="31.820" ignored="0" failures="0" timestamp="20 Mar 2017 17:18:55 GMT" skipped="0" hostname="IBM344-PC05NU41" errors="0">
  <testcase name="RIPC_Login" time="31.820" classname="crbActions_US_main.RIPC_StatusCheck"/>
</testsuite> <!-- crbActions_US_main.RIPC_StatusCheck -->
