<?xml version="1.0" encoding="UTF-8"?>
<!-- Generated by org.testng.reporters.JUnitReportReporter -->
<testsuite hostname="IBM200-PC07QF34" name="sBActions_IN_main.CreateRequest_IN" tests="1" failures="0" timestamp="31 Mar 2017 08:22:09 GMT" time="82.732" errors="0">
  <testcase name="RIPC_Login" time="82.732" classname="sBActions_IN_main.CreateRequest_IN"/>
</testsuite> <!-- sBActions_IN_main.CreateRequest_IN -->
