<?xml version="1.0" encoding="UTF-8"?>
<!-- Generated by org.testng.reporters.JUnitReportReporter -->
<testsuite name="crbActions_GB_main.AddResponse_GB" tests="1" time="106.772" ignored="0" failures="0" timestamp="21 Mar 2017 07:36:51 GMT" skipped="0" hostname="IBM344-PC05NU41" errors="0">
  <testcase name="add_response" time="106.772" classname="crbActions_GB_main.AddResponse_GB"/>
</testsuite> <!-- crbActions_GB_main.AddResponse_GB -->
