<?xml version="1.0" encoding="UTF-8"?>
<!-- Generated by org.testng.reporters.JUnitReportReporter -->
<testsuite name="crbActions_US_main.CreateRequest" tests="1" time="201.083" ignored="0" failures="0" timestamp="22 Mar 2017 17:45:37 GMT" skipped="0" hostname="IBM344-PC05NU41" errors="0">
  <testcase name="NonCoreRequest" time="201.083" classname="crbActions_US_main.CreateRequest"/>
</testsuite> <!-- crbActions_US_main.CreateRequest -->
