<?xml version="1.0" encoding="UTF-8"?>
<!-- Generated by org.testng.reporters.JUnitReportReporter -->
<testsuite name="hipaaRequest.Testcase.SB_PreAuthorization" tests="2" time="163.487" ignored="0" failures="0" timestamp="20 Dec 2016 12:44:06 GMT" skipped="0" hostname="IBM344-PC05NU41" errors="0">
  <testcase name="SB_Login" time="10.307" classname="hipaaRequest.Testcase.SB_PreAuthorization"/>
  <testcase name="SB_auth" time="153.180" classname="hipaaRequest.Testcase.SB_PreAuthorization"/>
</testsuite> <!-- hipaaRequest.Testcase.SB_PreAuthorization -->
