<?xml version="1.0" encoding="UTF-8"?>
<!-- Generated by org.testng.reporters.JUnitReportReporter -->
<testsuite name="crbActions_GB_main.RIPC_StatusCheck_GB" tests="1" time="26.132" ignored="0" failures="0" timestamp="21 Mar 2017 16:20:54 GMT" skipped="0" hostname="IBM344-PC05NU41" errors="0">
  <testcase name="RIPC_Login" time="26.132" classname="crbActions_GB_main.RIPC_StatusCheck_GB"/>
</testsuite> <!-- crbActions_GB_main.RIPC_StatusCheck_GB -->
