<?xml version="1.0" encoding="UTF-8"?>
<!-- Generated by org.testng.reporters.JUnitReportReporter -->
<testsuite hostname="IBM200-PC07QF34" name="sBActions_GB_main.SB_AllActions_GB" tests="1" failures="0" timestamp="31 Mar 2017 12:48:00 GMT" time="82.123" errors="0">
  <testcase name="SB_auth" time="82.123" classname="sBActions_GB_main.SB_AllActions_GB"/>
</testsuite> <!-- sBActions_GB_main.SB_AllActions_GB -->
