<?xml version="1.0" encoding="UTF-8"?>
<!-- Generated by org.testng.reporters.JUnitReportReporter -->
<testsuite hostname="IBM200-PC07QF34" name="sBActions_GB_main.BA_Auth_GB_Core" tests="1" failures="0" timestamp="31 Mar 2017 12:21:49 GMT" time="88.062" errors="0">
  <testcase name="BA_Authorization" time="88.062" classname="sBActions_GB_main.BA_Auth_GB_Core"/>
</testsuite> <!-- sBActions_GB_main.BA_Auth_GB_Core -->
