<?xml version="1.0" encoding="UTF-8"?>
<!-- Generated by org.testng.reporters.JUnitReportReporter -->
<testsuite name="crbActions_GB_main.PO_AuthorizationGB" tests="2" time="52.660" ignored="0" failures="0" timestamp="21 Mar 2017 17:13:28 GMT" skipped="0" hostname="IBM344-PC05NU41" errors="0">
  <testcase name="authorize_PO" time="52.181" classname="crbActions_GB_main.PO_AuthorizationGB"/>
  <testcase name="PO_Login" time="0.479" classname="crbActions_GB_main.PO_AuthorizationGB"/>
</testsuite> <!-- crbActions_GB_main.PO_AuthorizationGB -->
