<?xml version="1.0" encoding="UTF-8"?>
<!-- Generated by org.testng.reporters.JUnitReportReporter -->
<testsuite name="nonCoreRequest.Testcase.CRB_Authorization" tests="2" time="152.773" ignored="0" failures="0" timestamp="27 Dec 2016 17:53:13 GMT" skipped="0" hostname="IBM344-PC05NU41" errors="0">
  <testcase name="CRB_Login" time="40.141" classname="nonCoreRequest.Testcase.CRB_Authorization"/>
  <testcase name="CRB_Wlcmpage" time="112.632" classname="nonCoreRequest.Testcase.CRB_Authorization"/>
</testsuite> <!-- nonCoreRequest.Testcase.CRB_Authorization -->
