<?xml version="1.0" encoding="UTF-8"?>
<!-- Generated by org.testng.reporters.JUnitReportReporter -->
<testsuite name="nonCoreRequest.Testcase.CRB_Actions" tests="2" time="82.037" ignored="0" failures="0" timestamp="20 Mar 2017 12:23:49 GMT" skipped="0" hostname="IBM344-PC05NU41" errors="0">
  <testcase name="CRB_Wlcmpage" time="81.388" classname="nonCoreRequest.Testcase.CRB_Actions"/>
  <testcase name="CRB_Login" time="0.649" classname="nonCoreRequest.Testcase.CRB_Actions"/>
</testsuite> <!-- nonCoreRequest.Testcase.CRB_Actions -->
