<?xml version="1.0" encoding="UTF-8"?>
<!-- Generated by org.testng.reporters.JUnitReportReporter -->
<testsuite name="crbActions_GB_main.CRB_Actions_GB" tests="1" time="69.763" ignored="0" failures="0" timestamp="21 Mar 2017 16:08:38 GMT" skipped="0" hostname="IBM344-PC05NU41" errors="0">
  <testcase name="CRB_Wlcmpage" time="69.763" classname="crbActions_GB_main.CRB_Actions_GB"/>
</testsuite> <!-- crbActions_GB_main.CRB_Actions_GB -->
