<?xml version="1.0" encoding="UTF-8"?>
<!-- Generated by org.testng.reporters.JUnitReportReporter -->
<testsuite hostname="IBM200-PC07QF34" name="sBActions_GB_main.RIPC_StatusCheck_GB" tests="1" failures="0" timestamp="31 Mar 2017 12:50:49 GMT" time="19.347" errors="0">
  <testcase name="RIPC_Login" time="19.347" classname="sBActions_GB_main.RIPC_StatusCheck_GB"/>
</testsuite> <!-- sBActions_GB_main.RIPC_StatusCheck_GB -->
