<?xml version="1.0" encoding="UTF-8"?>
<!-- Generated by org.testng.reporters.JUnitReportReporter -->
<testsuite name="renewalOfReferral_Core.Testcase.Add_Response1" tests="3" time="430.807" ignored="0" failures="0" timestamp="05 Jan 2017 07:57:12 GMT" skipped="0" hostname="IBM200-PC07QF34" errors="0">
  <testcase name="Submit" time="74.392" classname="renewalOfReferral_Core.Testcase.Add_Response1"/>
  <testcase name="Supp_Login1" time="13.672" classname="renewalOfReferral_Core.Testcase.Add_Response1"/>
  <testcase name="Add_response" time="342.743" classname="renewalOfReferral_Core.Testcase.Add_Response1"/>
</testsuite> <!-- renewalOfReferral_Core.Testcase.Add_Response1 -->
