<?xml version="1.0" encoding="UTF-8"?>
<!-- Generated by org.testng.reporters.JUnitReportReporter -->
<testsuite hostname="ADMINIB-A6NDDC6" name="com.cms2.scripts.CreateNewSolution" tests="1" failures="0" timestamp="24 Mar 2015 11:39:01 GMT" time="40.546" errors="0">
  <testcase name="test_CreateNewSolution" time="40.546" classname="com.cms2.scripts.CreateNewSolution"/>
</testsuite> <!-- com.cms2.scripts.CreateNewSolution -->
