<?xml version="1.0" encoding="UTF-8"?>
<!-- Generated by org.testng.reporters.JUnitReportReporter -->
<testsuite name="mail_Validation_testcase.CreateRequest" tests="13" time="1300.477" ignored="0" failures="0" timestamp="16 Mar 2017 09:38:16 GMT" skipped="0" hostname="IBM200-PC07QF34" errors="0">
  <testcase name="Skill_detailLoc" time="17.937" classname="mail_Validation_testcase.CreateRequest"/>
  <testcase name="Req_detail" time="7.342" classname="mail_Validation_testcase.CreateRequest"/>
  <testcase name="Skill_detailsklprc" time="12.021" classname="mail_Validation_testcase.CreateRequest"/>
  <testcase name="Select_Requester1" time="9.431" classname="mail_Validation_testcase.CreateRequest"/>
  <testcase name="JRSS_Select" time="5.049" classname="mail_Validation_testcase.CreateRequest"/>
  <testcase name="SkillSummary" time="2.727" classname="mail_Validation_testcase.CreateRequest"/>
  <testcase name="Supp_select" time="8.086" classname="mail_Validation_testcase.CreateRequest"/>
  <testcase name="Skill_Request1" time="1.793" classname="mail_Validation_testcase.CreateRequest"/>
  <testcase name="open_CSA_Tab" time="2.185" classname="mail_Validation_testcase.CreateRequest"/>
  <testcase name="Supp_Login1" time="1222.855" classname="mail_Validation_testcase.CreateRequest"/>
  <testcase name="submitconfirmed" time="0.302" classname="mail_Validation_testcase.CreateRequest"/>
  <testcase name="RIPC_Login" time="9.097" classname="mail_Validation_testcase.CreateRequest"/>
  <testcase name="ReqSummary" time="1.652" classname="mail_Validation_testcase.CreateRequest"/>
</testsuite> <!-- mail_Validation_testcase.CreateRequest -->
