<?xml version="1.0" encoding="UTF-8"?>
<!-- Generated by org.testng.reporters.JUnitReportReporter -->
<testsuite name="hipaaRequest.Testcase.FinaliseRespAndSubmitForAuth" tests="2" time="74.175" ignored="0" failures="0" timestamp="20 Dec 2016 10:47:41 GMT" skipped="0" hostname="IBM200-PC07QF34" errors="0">
  <testcase name="RIPC_Login" time="51.580" classname="hipaaRequest.Testcase.FinaliseRespAndSubmitForAuth"/>
  <testcase name="FlnsAndSbmt" time="22.595" classname="hipaaRequest.Testcase.FinaliseRespAndSubmitForAuth"/>
</testsuite> <!-- hipaaRequest.Testcase.FinaliseRespAndSubmitForAuth -->
