<?xml version="1.0" encoding="UTF-8"?>
<!-- Generated by org.testng.reporters.JUnitReportReporter -->
<testsuite hostname="IBM674-PC073CYV" name="hipaaRequest.Testcase.CreateRequest" tests="12" failures="0" timestamp="21 Sep 2016 06:24:57 GMT" time="85.779" errors="0">
  <testcase name="Skill_detailsklprc" time="13.637" classname="hipaaRequest.Testcase.CreateRequest"/>
  <testcase name="submitconfirmed" time="0.363" classname="hipaaRequest.Testcase.CreateRequest"/>
  <testcase name="ReqSummary" time="2.343" classname="hipaaRequest.Testcase.CreateRequest"/>
  <testcase name="Skill_Request1" time="1.422" classname="hipaaRequest.Testcase.CreateRequest"/>
  <testcase name="Supp_select" time="8.808" classname="hipaaRequest.Testcase.CreateRequest"/>
  <testcase name="RIPC_Login" time="0.370" classname="hipaaRequest.Testcase.CreateRequest"/>
  <testcase name="JRSS_Select" time="5.008" classname="hipaaRequest.Testcase.CreateRequest"/>
  <testcase name="SkillSummary" time="2.860" classname="hipaaRequest.Testcase.CreateRequest"/>
  <testcase name="Req_detail" time="8.696" classname="hipaaRequest.Testcase.CreateRequest"/>
  <testcase name="open_CSA_Tab" time="16.582" classname="hipaaRequest.Testcase.CreateRequest"/>
  <testcase name="Select_Requester1" time="7.850" classname="hipaaRequest.Testcase.CreateRequest"/>
  <testcase name="Skill_detailLoc" time="17.840" classname="hipaaRequest.Testcase.CreateRequest"/>
</testsuite> <!-- hipaaRequest.Testcase.CreateRequest -->
