<?xml version="1.0" encoding="UTF-8"?>
<!-- Generated by org.testng.reporters.JUnitReportReporter -->
<testsuite hostname="IBM674-PC073CYV" name="hipaaRequest.Testcase.PO_Authorization" tests="2" failures="0" timestamp="10 May 2016 05:38:25 GMT" time="39.455" errors="0">
  <testcase name="PO_Login" time="0.405" classname="hipaaRequest.Testcase.PO_Authorization"/>
  <testcase name="authorize_PO" time="39.050" classname="hipaaRequest.Testcase.PO_Authorization"/>
</testsuite> <!-- hipaaRequest.Testcase.PO_Authorization -->
