<?xml version="1.0" encoding="UTF-8"?>
<!-- Generated by org.testng.reporters.JUnitReportReporter -->
<testsuite name="Mail_Validation.RIPCStatus_Activate" tests="1" time="35.116" ignored="0" failures="0" timestamp="29 Dec 2016 12:43:58 GMT" skipped="0" hostname="IBM200-PC07QF34" errors="0">
  <testcase name="RIPC_Login1" time="35.116" classname="Mail_Validation.RIPCStatus_Activate"/>
</testsuite> <!-- Mail_Validation.RIPCStatus_Activate -->
