<?xml version="1.0" encoding="UTF-8"?>
<!-- Generated by org.testng.reporters.JUnitReportReporter -->
<testsuite hostname="IBM674-PC073CYV" name="hipaaRequest.Testcase.Add_Response2" tests="4" failures="0" timestamp="21 Sep 2016 09:19:09 GMT" time="59.502" errors="0">
  <testcase name="RespPric1" time="6.305" classname="hipaaRequest.Testcase.Add_Response2"/>
  <testcase name="Supp_Login1" time="11.727" classname="hipaaRequest.Testcase.Add_Response2"/>
  <testcase name="AddResp1" time="17.908" classname="hipaaRequest.Testcase.Add_Response2"/>
  <testcase name="RespSum1" time="23.562" classname="hipaaRequest.Testcase.Add_Response2"/>
</testsuite> <!-- hipaaRequest.Testcase.Add_Response2 -->
