<?xml version="1.0" encoding="UTF-8"?>
<!-- Generated by org.testng.reporters.JUnitReportReporter -->
<testsuite name="mail_Validation_testcase.Check_request_status_Green" tests="1" time="19.867" ignored="0" failures="0" timestamp="30 Dec 2016 03:17:05 GMT" skipped="0" hostname="IBM200-PC07QF34" errors="0">
  <testcase name="Supp_Login1" time="19.867" classname="mail_Validation_testcase.Check_request_status_Green"/>
</testsuite> <!-- mail_Validation_testcase.Check_request_status_Green -->
